{"meta": {"format": 3, "version": "7.13.1", "timestamp": "2026-01-08T16:40:59.782860", "branch_coverage": false, "show_contexts": false}, "files": {"src\\t5code\\GameState.py": {"executed_lines": [7, 8, 9, 12, 24, 25, 26, 28, 29, 38, 39, 42, 62, 63, 66, 75, 76, 77, 78, 79, 80, 91, 94, 116, 117, 120, 130, 131, 132, 134, 135, 138, 139, 141, 158], "summary": {"covered_lines": 35, "num_statements": 35, "percent_covered": 100.0, "percent_covered_display": "100", "missing_lines": 0, "excluded_lines": 0, "percent_statements_covered": 100.0, "percent_statements_covered_display": "100"}, "missing_lines": [], "excluded_lines": [], "functions": {"GameState.validate_world_data": {"executed_lines": [38, 39], "summary": {"covered_lines": 2, "num_statements": 2, "percent_covered": 100.0, "percent_covered_display": "100", "missing_lines": 0, "excluded_lines": 0, "percent_statements_covered": 100.0, "percent_statements_covered_display": "100"}, "missing_lines": [], "excluded_lines": [], "start_line": 29}, "load_and_parse_t5_map": {"executed_lines": [62, 63], "summary": {"covered_lines": 2, "num_statements": 2, "percent_covered": 100.0, "percent_covered_display": "100", "missing_lines": 0, "excluded_lines": 0, "percent_statements_covered": 100.0, "percent_statements_covered_display": "100"}, "missing_lines": [], "excluded_lines": [], "start_line": 42}, "load_and_parse_t5_map_filelike": {"executed_lines": [75, 76, 77, 78, 79, 80, 91], "summary": {"covered_lines": 7, "num_statements": 7, "percent_covered": 100.0, "percent_covered_display": "100", "missing_lines": 0, "excluded_lines": 0, "percent_statements_covered": 100.0, "percent_statements_covered_display": "100"}, "missing_lines": [], "excluded_lines": [], "start_line": 66}, "load_and_parse_t5_ship_classes": {"executed_lines": [116, 117], "summary": {"covered_lines": 2, "num_statements": 2, "percent_covered": 100.0, "percent_covered_display": "100", "missing_lines": 0, "excluded_lines": 0, "percent_statements_covered": 100.0, "percent_statements_covered_display": "100"}, "missing_lines": [], "excluded_lines": [], "start_line": 94}, "load_and_parse_t5_ship_classes_filelike": {"executed_lines": [130, 131, 132, 134, 135, 138, 139, 141, 158], "summary": {"covered_lines": 9, "num_statements": 9, "percent_covered": 100.0, "percent_covered_display": "100", "missing_lines": 0, "excluded_lines": 0, "percent_statements_covered": 100.0, "percent_statements_covered_display": "100"}, "missing_lines": [], "excluded_lines": [], "start_line": 120}, "": {"executed_lines": [7, 8, 9, 12, 24, 25, 26, 28, 29, 42, 66, 94, 120], "summary": {"covered_lines": 13, "num_statements": 13, "percent_covered": 100.0, "percent_covered_display": "100", "missing_lines": 0, "excluded_lines": 0, "percent_statements_covered": 100.0, "percent_statements_covered_display": "100"}, "missing_lines": [], "excluded_lines": [], "start_line": 1}}, "classes": {"GameState": {"executed_lines": [38, 39], "summary": {"covered_lines": 2, "num_statements": 2, "percent_covered": 100.0, "percent_covered_display": "100", "missing_lines": 0, "excluded_lines": 0, "percent_statements_covered": 100.0, "percent_statements_covered_display": "100"}, "missing_lines": [], "excluded_lines": [], "start_line": 12}, "": {"executed_lines": [7, 8, 9, 12, 24, 25, 26, 28, 29, 42, 62, 63, 66, 75, 76, 77, 78, 79, 80, 91, 94, 116, 117, 120, 130, 131, 132, 134, 135, 138, 139, 141, 158], "summary": {"covered_lines": 33, "num_statements": 33, "percent_covered": 100.0, "percent_covered_display": "100", "missing_lines": 0, "excluded_lines": 0, "percent_statements_covered": 100.0, "percent_statements_covered_display": "100"}, "missing_lines": [], "excluded_lines": [], "start_line": 1}}}, "src\\t5code\\T5Basics.py": {"executed_lines": [7, 8, 11, 22, 23, 24, 25, 27, 33, 45, 46, 47, 48, 50, 55, 73, 74, 79, 82, 95, 96, 97, 100, 115, 122, 126, 127, 129, 139, 143, 144, 146, 147, 150, 152, 153, 159, 160, 161, 163, 164, 165, 166, 170, 203, 204, 205, 206, 207, 209, 231, 232, 234, 235, 239, 241, 243, 263, 264, 266, 268, 289, 290, 292, 295, 296, 299, 301, 323, 324, 326, 327, 334, 335, 336, 338, 345, 346], "summary": {"covered_lines": 78, "num_statements": 78, "percent_covered": 100.0, "percent_covered_display": "100", "missing_lines": 0, "excluded_lines": 0, "percent_statements_covered": 100.0, "percent_statements_covered_display": "100"}, "missing_lines": [], "excluded_lines": [], "functions": {"letter_to_tech_level": {"executed_lines": [22, 23, 24, 25, 27], "summary": {"covered_lines": 5, "num_statements": 5, "percent_covered": 100.0, "percent_covered_display": "100", "missing_lines": 0, "excluded_lines": 0, "percent_statements_covered": 100.0, "percent_statements_covered_display": "100"}, "missing_lines": [], "excluded_lines": [], "start_line": 11}, "tech_level_to_letter": {"executed_lines": [45, 46, 47, 48, 50], "summary": {"covered_lines": 5, "num_statements": 5, "percent_covered": 100.0, "percent_covered_display": "100", "missing_lines": 0, "excluded_lines": 0, "percent_statements_covered": 100.0, "percent_statements_covered_display": "100"}, "missing_lines": [], "excluded_lines": [], "start_line": 33}, "check_success": {"executed_lines": [73, 74, 79], "summary": {"covered_lines": 3, "num_statements": 3, "percent_covered": 100.0, "percent_covered_display": "100", "missing_lines": 0, "excluded_lines": 0, "percent_statements_covered": 100.0, "percent_statements_covered_display": "100"}, "missing_lines": [], "excluded_lines": [], "start_line": 55}, "roll_flux": {"executed_lines": [95, 96, 97], "summary": {"covered_lines": 3, "num_statements": 3, "percent_covered": 100.0, "percent_covered_display": "100", "missing_lines": 0, "excluded_lines": 0, "percent_statements_covered": 100.0, "percent_statements_covered_display": "100"}, "missing_lines": [], "excluded_lines": [], "start_line": 82}, "SequentialFlux.__init__": {"executed_lines": [122, 126, 127], "summary": {"covered_lines": 3, "num_statements": 3, "percent_covered": 100.0, "percent_covered_display": "100", "missing_lines": 0, "excluded_lines": 0, "percent_statements_covered": 100.0, "percent_statements_covered_display": "100"}, "missing_lines": [], "excluded_lines": [], "start_line": 115}, "SequentialFlux.roll_second": {"executed_lines": [139, 143, 144], "summary": {"covered_lines": 3, "num_statements": 3, "percent_covered": 100.0, "percent_covered_display": "100", "missing_lines": 0, "excluded_lines": 0, "percent_statements_covered": 100.0, "percent_statements_covered_display": "100"}, "missing_lines": [], "excluded_lines": [], "start_line": 129}, "SequentialFlux.result": {"executed_lines": [150], "summary": {"covered_lines": 1, "num_statements": 1, "percent_covered": 100.0, "percent_covered_display": "100", "missing_lines": 0, "excluded_lines": 0, "percent_statements_covered": 100.0, "percent_statements_covered_display": "100"}, "missing_lines": [], "excluded_lines": [], "start_line": 147}, "SequentialFlux.potential_range": {"executed_lines": [159, 160, 161], "summary": {"covered_lines": 3, "num_statements": 3, "percent_covered": 100.0, "percent_covered_display": "100", "missing_lines": 0, "excluded_lines": 0, "percent_statements_covered": 100.0, "percent_statements_covered_display": "100"}, "missing_lines": [], "excluded_lines": [], "start_line": 153}, "SequentialFlux.__repr__": {"executed_lines": [164, 165, 166], "summary": {"covered_lines": 3, "num_statements": 3, "percent_covered": 100.0, "percent_covered_display": "100", "missing_lines": 0, "excluded_lines": 0, "percent_statements_covered": 100.0, "percent_statements_covered_display": "100"}, "missing_lines": [], "excluded_lines": [], "start_line": 163}, "TravellerCalendar.get_month": {"executed_lines": [231, 232, 234, 235, 239, 241], "summary": {"covered_lines": 6, "num_statements": 6, "percent_covered": 100.0, "percent_covered_display": "100", "missing_lines": 0, "excluded_lines": 0, "percent_statements_covered": 100.0, "percent_statements_covered_display": "100"}, "missing_lines": [], "excluded_lines": [], "start_line": 209}, "TravellerCalendar.get_first_day_of_month": {"executed_lines": [263, 264, 266], "summary": {"covered_lines": 3, "num_statements": 3, "percent_covered": 100.0, "percent_covered_display": "100", "missing_lines": 0, "excluded_lines": 0, "percent_statements_covered": 100.0, "percent_statements_covered_display": "100"}, "missing_lines": [], "excluded_lines": [], "start_line": 243}, "TravellerCalendar.get_next_month_start": {"executed_lines": [289, 290, 292, 295, 296, 299], "summary": {"covered_lines": 6, "num_statements": 6, "percent_covered": 100.0, "percent_covered_display": "100", "missing_lines": 0, "excluded_lines": 0, "percent_statements_covered": 100.0, "percent_statements_covered_display": "100"}, "missing_lines": [], "excluded_lines": [], "start_line": 268}, "TravellerCalendar.get_month_info": {"executed_lines": [323, 324, 326, 327, 334, 335, 336, 338], "summary": {"covered_lines": 8, "num_statements": 8, "percent_covered": 100.0, "percent_covered_display": "100", "missing_lines": 0, "excluded_lines": 0, "percent_statements_covered": 100.0, "percent_statements_covered_display": "100"}, "missing_lines": [], "excluded_lines": [], "start_line": 301}, "TravellerCalendar.__repr__": {"executed_lines": [346], "summary": {"covered_lines": 1, "num_statements": 1, "percent_covered": 100.0, "percent_covered_display": "100", "missing_lines": 0, "excluded_lines": 0, "percent_statements_covered": 100.0, "percent_statements_covered_display": "100"}, "missing_lines": [], "excluded_lines": [], "start_line": 345}, "": {"executed_lines": [7, 8, 11, 33, 55, 82, 100, 115, 129, 146, 147, 152, 153, 163, 170, 203, 204, 205, 206, 207, 209, 243, 268, 301, 345], "summary": {"covered_lines": 25, "num_statements": 25, "percent_covered": 100.0, "percent_covered_display": "100", "missing_lines": 0, "excluded_lines": 0, "percent_statements_covered": 100.0, "percent_statements_covered_display": "100"}, "missing_lines": [], "excluded_lines": [], "start_line": 1}}, "classes": {"SequentialFlux": {"executed_lines": [122, 126, 127, 139, 143, 144, 150, 159, 160, 161, 164, 165, 166], "summary": {"covered_lines": 13, "num_statements": 13, "percent_covered": 100.0, "percent_covered_display": "100", "missing_lines": 0, "excluded_lines": 0, "percent_statements_covered": 100.0, "percent_statements_covered_display": "100"}, "missing_lines": [], "excluded_lines": [], "start_line": 100}, "TravellerCalendar": {"executed_lines": [231, 232, 234, 235, 239, 241, 263, 264, 266, 289, 290, 292, 295, 296, 299, 323, 324, 326, 327, 334, 335, 336, 338, 346], "summary": {"covered_lines": 24, "num_statements": 24, "percent_covered": 100.0, "percent_covered_display": "100", "missing_lines": 0, "excluded_lines": 0, "percent_statements_covered": 100.0, "percent_statements_covered_display": "100"}, "missing_lines": [], "excluded_lines": [], "start_line": 170}, "": {"executed_lines": [7, 8, 11, 22, 23, 24, 25, 27, 33, 45, 46, 47, 48, 50, 55, 73, 74, 79, 82, 95, 96, 97, 100, 115, 129, 146, 147, 152, 153, 163, 170, 203, 204, 205, 206, 207, 209, 243, 268, 301, 345], "summary": {"covered_lines": 41, "num_statements": 41, "percent_covered": 100.0, "percent_covered_display": "100", "missing_lines": 0, "excluded_lines": 0, "percent_statements_covered": 100.0, "percent_statements_covered_display": "100"}, "missing_lines": [], "excluded_lines": [], "start_line": 1}}}, "src\\t5code\\T5Company.py": {"executed_lines": [28, 30, 31, 34, 41, 42, 43, 46, 67, 68, 70, 71, 73, 94, 95, 97, 98, 99, 100, 103, 104, 105, 113, 114, 125, 127, 138], "summary": {"covered_lines": 27, "num_statements": 27, "percent_covered": 100.0, "percent_covered_display": "100", "missing_lines": 0, "excluded_lines": 0, "percent_statements_covered": 100.0, "percent_statements_covered_display": "100"}, "missing_lines": [], "excluded_lines": [], "functions": {"CompanyError.__init__": {"executed_lines": [42, 43], "summary": {"covered_lines": 2, "num_statements": 2, "percent_covered": 100.0, "percent_covered_display": "100", "missing_lines": 0, "excluded_lines": 0, "percent_statements_covered": 100.0, "percent_statements_covered_display": "100"}, "missing_lines": [], "excluded_lines": [], "start_line": 41}, "T5Company.__eq__": {"executed_lines": [68], "summary": {"covered_lines": 1, "num_statements": 1, "percent_covered": 100.0, "percent_covered_display": "100", "missing_lines": 0, "excluded_lines": 0, "percent_statements_covered": 100.0, "percent_statements_covered_display": "100"}, "missing_lines": [], "excluded_lines": [], "start_line": 67}, "T5Company.__hash__": {"executed_lines": [71], "summary": {"covered_lines": 1, "num_statements": 1, "percent_covered": 100.0, "percent_covered_display": "100", "missing_lines": 0, "excluded_lines": 0, "percent_statements_covered": 100.0, "percent_statements_covered_display": "100"}, "missing_lines": [], "excluded_lines": [], "start_line": 70}, "T5Company.__init__": {"executed_lines": [94, 95, 97, 98, 99, 100, 103, 104, 105], "summary": {"covered_lines": 9, "num_statements": 9, "percent_covered": 100.0, "percent_covered_display": "100", "missing_lines": 0, "excluded_lines": 0, "percent_statements_covered": 100.0, "percent_statements_covered_display": "100"}, "missing_lines": [], "excluded_lines": [], "start_line": 73}, "T5Company.balance": {"executed_lines": [125], "summary": {"covered_lines": 1, "num_statements": 1, "percent_covered": 100.0, "percent_covered_display": "100", "missing_lines": 0, "excluded_lines": 0, "percent_statements_covered": 100.0, "percent_statements_covered_display": "100"}, "missing_lines": [], "excluded_lines": [], "start_line": 114}, "T5Company.__repr__": {"executed_lines": [138], "summary": {"covered_lines": 1, "num_statements": 1, "percent_covered": 100.0, "percent_covered_display": "100", "missing_lines": 0, "excluded_lines": 0, "percent_statements_covered": 100.0, "percent_statements_covered_display": "100"}, "missing_lines": [], "excluded_lines": [], "start_line": 127}, "": {"executed_lines": [28, 30, 31, 34, 41, 46, 67, 70, 73, 113, 114, 127], "summary": {"covered_lines": 12, "num_statements": 12, "percent_covered": 100.0, "percent_covered_display": "100", "missing_lines": 0, "excluded_lines": 0, "percent_statements_covered": 100.0, "percent_statements_covered_display": "100"}, "missing_lines": [], "excluded_lines": [], "start_line": 1}}, "classes": {"CompanyError": {"executed_lines": [42, 43], "summary": {"covered_lines": 2, "num_statements": 2, "percent_covered": 100.0, "percent_covered_display": "100", "missing_lines": 0, "excluded_lines": 0, "percent_statements_covered": 100.0, "percent_statements_covered_display": "100"}, "missing_lines": [], "excluded_lines": [], "start_line": 34}, "T5Company": {"executed_lines": [68, 71, 94, 95, 97, 98, 99, 100, 103, 104, 105, 125, 138], "summary": {"covered_lines": 13, "num_statements": 13, "percent_covered": 100.0, "percent_covered_display": "100", "missing_lines": 0, "excluded_lines": 0, "percent_statements_covered": 100.0, "percent_statements_covered_display": "100"}, "missing_lines": [], "excluded_lines": [], "start_line": 46}, "": {"executed_lines": [28, 30, 31, 34, 41, 46, 67, 70, 73, 113, 114, 127], "summary": {"covered_lines": 12, "num_statements": 12, "percent_covered": 100.0, "percent_covered_display": "100", "missing_lines": 0, "excluded_lines": 0, "percent_statements_covered": 100.0, "percent_statements_covered_display": "100"}, "missing_lines": [], "excluded_lines": [], "start_line": 1}}}, "src\\t5code\\T5Exceptions.py": {"executed_lines": [8, 10, 13, 21, 22, 23, 24, 30, 39, 40, 41, 42, 43, 49, 57, 60, 61, 62, 68, 76, 77, 78, 79, 84, 91, 92, 93, 96, 104, 107, 108, 109, 115, 124, 128, 129, 130, 131], "summary": {"covered_lines": 38, "num_statements": 38, "percent_covered": 100.0, "percent_covered_display": "100", "missing_lines": 0, "excluded_lines": 0, "percent_statements_covered": 100.0, "percent_statements_covered_display": "100"}, "missing_lines": [], "excluded_lines": [], "functions": {"InsufficientFundsError.__init__": {"executed_lines": [22, 23, 24], "summary": {"covered_lines": 3, "num_statements": 3, "percent_covered": 100.0, "percent_covered_display": "100", "missing_lines": 0, "excluded_lines": 0, "percent_statements_covered": 100.0, "percent_statements_covered_display": "100"}, "missing_lines": [], "excluded_lines": [], "start_line": 21}, "CapacityExceededError.__init__": {"executed_lines": [40, 41, 42, 43], "summary": {"covered_lines": 4, "num_statements": 4, "percent_covered": 100.0, "percent_covered_display": "100", "missing_lines": 0, "excluded_lines": 0, "percent_statements_covered": 100.0, "percent_statements_covered_display": "100"}, "missing_lines": [], "excluded_lines": [], "start_line": 39}, "InvalidPassageClassError.__init__": {"executed_lines": [60, 61, 62], "summary": {"covered_lines": 3, "num_statements": 3, "percent_covered": 100.0, "percent_covered_display": "100", "missing_lines": 0, "excluded_lines": 0, "percent_statements_covered": 100.0, "percent_statements_covered_display": "100"}, "missing_lines": [], "excluded_lines": [], "start_line": 57}, "DuplicateItemError.__init__": {"executed_lines": [77, 78, 79], "summary": {"covered_lines": 3, "num_statements": 3, "percent_covered": 100.0, "percent_covered_display": "100", "missing_lines": 0, "excluded_lines": 0, "percent_statements_covered": 100.0, "percent_statements_covered_display": "100"}, "missing_lines": [], "excluded_lines": [], "start_line": 76}, "WorldNotFoundError.__init__": {"executed_lines": [92, 93], "summary": {"covered_lines": 2, "num_statements": 2, "percent_covered": 100.0, "percent_covered_display": "100", "missing_lines": 0, "excluded_lines": 0, "percent_statements_covered": 100.0, "percent_statements_covered_display": "100"}, "missing_lines": [], "excluded_lines": [], "start_line": 91}, "InvalidLotTypeError.__init__": {"executed_lines": [107, 108, 109], "summary": {"covered_lines": 3, "num_statements": 3, "percent_covered": 100.0, "percent_covered_display": "100", "missing_lines": 0, "excluded_lines": 0, "percent_statements_covered": 100.0, "percent_statements_covered_display": "100"}, "missing_lines": [], "excluded_lines": [], "start_line": 104}, "InvalidThresholdError.__init__": {"executed_lines": [128, 129, 130, 131], "summary": {"covered_lines": 4, "num_statements": 4, "percent_covered": 100.0, "percent_covered_display": "100", "missing_lines": 0, "excluded_lines": 0, "percent_statements_covered": 100.0, "percent_statements_covered_display": "100"}, "missing_lines": [], "excluded_lines": [], "start_line": 124}, "": {"executed_lines": [8, 10, 13, 21, 30, 39, 49, 57, 68, 76, 84, 91, 96, 104, 115, 124], "summary": {"covered_lines": 16, "num_statements": 16, "percent_covered": 100.0, "percent_covered_display": "100", "missing_lines": 0, "excluded_lines": 0, "percent_statements_covered": 100.0, "percent_statements_covered_display": "100"}, "missing_lines": [], "excluded_lines": [], "start_line": 1}}, "classes": {"T5Error": {"executed_lines": [], "summary": {"covered_lines": 0, "num_statements": 0, "percent_covered": 100.0, "percent_covered_display": "100", "missing_lines": 0, "excluded_lines": 0, "percent_statements_covered": 100.0, "percent_statements_covered_display": "100"}, "missing_lines": [], "excluded_lines": [], "start_line": 8}, "InsufficientFundsError": {"executed_lines": [22, 23, 24], "summary": {"covered_lines": 3, "num_statements": 3, "percent_covered": 100.0, "percent_covered_display": "100", "missing_lines": 0, "excluded_lines": 0, "percent_statements_covered": 100.0, "percent_statements_covered_display": "100"}, "missing_lines": [], "excluded_lines": [], "start_line": 13}, "CapacityExceededError": {"executed_lines": [40, 41, 42, 43], "summary": {"covered_lines": 4, "num_statements": 4, "percent_covered": 100.0, "percent_covered_display": "100", "missing_lines": 0, "excluded_lines": 0, "percent_statements_covered": 100.0, "percent_statements_covered_display": "100"}, "missing_lines": [], "excluded_lines": [], "start_line": 30}, "InvalidPassageClassError": {"executed_lines": [60, 61, 62], "summary": {"covered_lines": 3, "num_statements": 3, "percent_covered": 100.0, "percent_covered_display": "100", "missing_lines": 0, "excluded_lines": 0, "percent_statements_covered": 100.0, "percent_statements_covered_display": "100"}, "missing_lines": [], "excluded_lines": [], "start_line": 49}, "DuplicateItemError": {"executed_lines": [77, 78, 79], "summary": {"covered_lines": 3, "num_statements": 3, "percent_covered": 100.0, "percent_covered_display": "100", "missing_lines": 0, "excluded_lines": 0, "percent_statements_covered": 100.0, "percent_statements_covered_display": "100"}, "missing_lines": [], "excluded_lines": [], "start_line": 68}, "WorldNotFoundError": {"executed_lines": [92, 93], "summary": {"covered_lines": 2, "num_statements": 2, "percent_covered": 100.0, "percent_covered_display": "100", "missing_lines": 0, "excluded_lines": 0, "percent_statements_covered": 100.0, "percent_statements_covered_display": "100"}, "missing_lines": [], "excluded_lines": [], "start_line": 84}, "InvalidLotTypeError": {"executed_lines": [107, 108, 109], "summary": {"covered_lines": 3, "num_statements": 3, "percent_covered": 100.0, "percent_covered_display": "100", "missing_lines": 0, "excluded_lines": 0, "percent_statements_covered": 100.0, "percent_statements_covered_display": "100"}, "missing_lines": [], "excluded_lines": [], "start_line": 96}, "InvalidThresholdError": {"executed_lines": [128, 129, 130, 131], "summary": {"covered_lines": 4, "num_statements": 4, "percent_covered": 100.0, "percent_covered_display": "100", "missing_lines": 0, "excluded_lines": 0, "percent_statements_covered": 100.0, "percent_statements_covered_display": "100"}, "missing_lines": [], "excluded_lines": [], "start_line": 115}, "": {"executed_lines": [8, 10, 13, 21, 30, 39, 49, 57, 68, 76, 84, 91, 96, 104, 115, 124], "summary": {"covered_lines": 16, "num_statements": 16, "percent_covered": 100.0, "percent_covered_display": "100", "missing_lines": 0, "excluded_lines": 0, "percent_statements_covered": 100.0, "percent_statements_covered_display": "100"}, "missing_lines": [], "excluded_lines": [], "start_line": 1}}}, "src\\t5code\\T5Finance.py": {"executed_lines": [29, 30, 31, 33, 36, 43, 44, 45, 48, 49, 77, 78, 79, 80, 81, 84, 106, 107, 109, 110, 112, 123, 124, 125, 126, 128, 129, 140, 142, 173, 174, 185, 213, 219, 221, 266, 267, 270, 271, 275, 281], "summary": {"covered_lines": 41, "num_statements": 41, "percent_covered": 100.0, "percent_covered_display": "100", "missing_lines": 0, "excluded_lines": 0, "percent_statements_covered": 100.0, "percent_statements_covered_display": "100"}, "missing_lines": [], "excluded_lines": [], "functions": {"InvalidTransferError.__init__": {"executed_lines": [44, 45], "summary": {"covered_lines": 2, "num_statements": 2, "percent_covered": 100.0, "percent_covered_display": "100", "missing_lines": 0, "excluded_lines": 0, "percent_statements_covered": 100.0, "percent_statements_covered_display": "100"}, "missing_lines": [], "excluded_lines": [], "start_line": 43}, "Account.__eq__": {"executed_lines": [107], "summary": {"covered_lines": 1, "num_statements": 1, "percent_covered": 100.0, "percent_covered_display": "100", "missing_lines": 0, "excluded_lines": 0, "percent_statements_covered": 100.0, "percent_statements_covered_display": "100"}, "missing_lines": [], "excluded_lines": [], "start_line": 106}, "Account.__hash__": {"executed_lines": [110], "summary": {"covered_lines": 1, "num_statements": 1, "percent_covered": 100.0, "percent_covered_display": "100", "missing_lines": 0, "excluded_lines": 0, "percent_statements_covered": 100.0, "percent_statements_covered_display": "100"}, "missing_lines": [], "excluded_lines": [], "start_line": 109}, "Account.__init__": {"executed_lines": [123, 124, 125, 126], "summary": {"covered_lines": 4, "num_statements": 4, "percent_covered": 100.0, "percent_covered_display": "100", "missing_lines": 0, "excluded_lines": 0, "percent_statements_covered": 100.0, "percent_statements_covered_display": "100"}, "missing_lines": [], "excluded_lines": [], "start_line": 112}, "Account.balance": {"executed_lines": [140], "summary": {"covered_lines": 1, "num_statements": 1, "percent_covered": 100.0, "percent_covered_display": "100", "missing_lines": 0, "excluded_lines": 0, "percent_statements_covered": 100.0, "percent_statements_covered_display": "100"}, "missing_lines": [], "excluded_lines": [], "start_line": 129}, "Account.post": {"executed_lines": [173, 174], "summary": {"covered_lines": 2, "num_statements": 2, "percent_covered": 100.0, "percent_covered_display": "100", "missing_lines": 0, "excluded_lines": 0, "percent_statements_covered": 100.0, "percent_statements_covered_display": "100"}, "missing_lines": [], "excluded_lines": [], "start_line": 142}, "Ledger.__init__": {"executed_lines": [219], "summary": {"covered_lines": 1, "num_statements": 1, "percent_covered": 100.0, "percent_covered_display": "100", "missing_lines": 0, "excluded_lines": 0, "percent_statements_covered": 100.0, "percent_statements_covered_display": "100"}, "missing_lines": [], "excluded_lines": [], "start_line": 213}, "Ledger.transfer": {"executed_lines": [266, 267, 270, 271, 275, 281], "summary": {"covered_lines": 6, "num_statements": 6, "percent_covered": 100.0, "percent_covered_display": "100", "missing_lines": 0, "excluded_lines": 0, "percent_statements_covered": 100.0, "percent_statements_covered_display": "100"}, "missing_lines": [], "excluded_lines": [], "start_line": 221}, "": {"executed_lines": [29, 30, 31, 33, 36, 43, 48, 49, 77, 78, 79, 80, 81, 84, 106, 109, 112, 128, 129, 142, 185, 213, 221], "summary": {"covered_lines": 23, "num_statements": 23, "percent_covered": 100.0, "percent_covered_display": "100", "missing_lines": 0, "excluded_lines": 0, "percent_statements_covered": 100.0, "percent_statements_covered_display": "100"}, "missing_lines": [], "excluded_lines": [], "start_line": 1}}, "classes": {"InvalidTransferError": {"executed_lines": [44, 45], "summary": {"covered_lines": 2, "num_statements": 2, "percent_covered": 100.0, "percent_covered_display": "100", "missing_lines": 0, "excluded_lines": 0, "percent_statements_covered": 100.0, "percent_statements_covered_display": "100"}, "missing_lines": [], "excluded_lines": [], "start_line": 36}, "LedgerEntry": {"executed_lines": [], "summary": {"covered_lines": 0, "num_statements": 0, "percent_covered": 100.0, "percent_covered_display": "100", "missing_lines": 0, "excluded_lines": 0, "percent_statements_covered": 100.0, "percent_statements_covered_display": "100"}, "missing_lines": [], "excluded_lines": [], "start_line": 49}, "Account": {"executed_lines": [107, 110, 123, 124, 125, 126, 140, 173, 174], "summary": {"covered_lines": 9, "num_statements": 9, "percent_covered": 100.0, "percent_covered_display": "100", "missing_lines": 0, "excluded_lines": 0, "percent_statements_covered": 100.0, "percent_statements_covered_display": "100"}, "missing_lines": [], "excluded_lines": [], "start_line": 84}, "Ledger": {"executed_lines": [219, 266, 267, 270, 271, 275, 281], "summary": {"covered_lines": 7, "num_statements": 7, "percent_covered": 100.0, "percent_covered_display": "100", "missing_lines": 0, "excluded_lines": 0, "percent_statements_covered": 100.0, "percent_statements_covered_display": "100"}, "missing_lines": [], "excluded_lines": [], "start_line": 185}, "": {"executed_lines": [29, 30, 31, 33, 36, 43, 48, 49, 77, 78, 79, 80, 81, 84, 106, 109, 112, 128, 129, 142, 185, 213, 221], "summary": {"covered_lines": 23, "num_statements": 23, "percent_covered": 100.0, "percent_covered_display": "100", "missing_lines": 0, "excluded_lines": 0, "percent_statements_covered": 100.0, "percent_statements_covered_display": "100"}, "missing_lines": [], "excluded_lines": [], "start_line": 1}}}, "src\\t5code\\T5Lot.py": {"executed_lines": [8, 9, 10, 12, 17, 28, 54, 55, 57, 58, 60, 74, 75, 78, 79, 82, 85, 86, 89, 99, 106, 107, 108, 110, 125, 130, 141, 143, 170, 171, 174, 175, 177, 186, 196, 198, 220, 223, 224, 225, 227, 228, 246, 253, 255, 256, 270, 271, 272, 273, 274, 276, 277, 297, 298, 299, 300, 301, 304, 308, 309, 311, 312, 329, 332, 337, 340, 342, 347, 348, 349, 350, 352, 353, 355, 384, 385, 388, 391, 392, 395, 396, 398], "summary": {"covered_lines": 83, "num_statements": 83, "percent_covered": 100.0, "percent_covered_display": "100", "missing_lines": 0, "excluded_lines": 3, "percent_statements_covered": 100.0, "percent_statements_covered_display": "100"}, "missing_lines": [], "excluded_lines": [23, 24, 25], "functions": {"T5Lot.__eq__": {"executed_lines": [55], "summary": {"covered_lines": 1, "num_statements": 1, "percent_covered": 100.0, "percent_covered_display": "100", "missing_lines": 0, "excluded_lines": 0, "percent_statements_covered": 100.0, "percent_statements_covered_display": "100"}, "missing_lines": [], "excluded_lines": [], "start_line": 54}, "T5Lot.__hash__": {"executed_lines": [58], "summary": {"covered_lines": 1, "num_statements": 1, "percent_covered": 100.0, "percent_covered_display": "100", "missing_lines": 0, "excluded_lines": 0, "percent_statements_covered": 100.0, "percent_statements_covered_display": "100"}, "missing_lines": [], "excluded_lines": [], "start_line": 57}, "T5Lot.__init__": {"executed_lines": [74, 75, 78, 79, 82, 85, 86, 89, 99, 106, 107, 108], "summary": {"covered_lines": 12, "num_statements": 12, "percent_covered": 100.0, "percent_covered_display": "100", "missing_lines": 0, "excluded_lines": 0, "percent_statements_covered": 100.0, "percent_statements_covered_display": "100"}, "missing_lines": [], "excluded_lines": [], "start_line": 60}, "T5Lot.determine_sale_value_on": {"executed_lines": [125, 130, 141], "summary": {"covered_lines": 3, "num_statements": 3, "percent_covered": 100.0, "percent_covered_display": "100", "missing_lines": 0, "excluded_lines": 0, "percent_statements_covered": 100.0, "percent_statements_covered_display": "100"}, "missing_lines": [], "excluded_lines": [], "start_line": 110}, "T5Lot.calculate_profit_at": {"executed_lines": [170, 171, 174, 175], "summary": {"covered_lines": 4, "num_statements": 4, "percent_covered": 100.0, "percent_covered_display": "100", "missing_lines": 0, "excluded_lines": 0, "percent_statements_covered": 100.0, "percent_statements_covered_display": "100"}, "missing_lines": [], "excluded_lines": [], "start_line": 143}, "T5Lot.generate_lot_id": {"executed_lines": [186, 196], "summary": {"covered_lines": 2, "num_statements": 2, "percent_covered": 100.0, "percent_covered_display": "100", "missing_lines": 0, "excluded_lines": 0, "percent_statements_covered": 100.0, "percent_statements_covered_display": "100"}, "missing_lines": [], "excluded_lines": [], "start_line": 177}, "T5Lot.generate_lot_mass": {"executed_lines": [220, 223, 224, 225], "summary": {"covered_lines": 4, "num_statements": 4, "percent_covered": 100.0, "percent_covered_display": "100", "missing_lines": 0, "excluded_lines": 0, "percent_statements_covered": 100.0, "percent_statements_covered_display": "100"}, "missing_lines": [], "excluded_lines": [], "start_line": 198}, "T5Lot.determine_lot_cost": {"executed_lines": [246, 253], "summary": {"covered_lines": 2, "num_statements": 2, "percent_covered": 100.0, "percent_covered_display": "100", "missing_lines": 0, "excluded_lines": 0, "percent_statements_covered": 100.0, "percent_statements_covered_display": "100"}, "missing_lines": [], "excluded_lines": [], "start_line": 228}, "T5Lot.determine_buying_trade_classifications_effects": {"executed_lines": [270, 271, 272, 273, 274], "summary": {"covered_lines": 5, "num_statements": 5, "percent_covered": 100.0, "percent_covered_display": "100", "missing_lines": 0, "excluded_lines": 0, "percent_statements_covered": 100.0, "percent_statements_covered_display": "100"}, "missing_lines": [], "excluded_lines": [], "start_line": 256}, "T5Lot.determine_selling_trade_classifications_effects": {"executed_lines": [297, 298, 299, 300, 301, 304, 308, 309], "summary": {"covered_lines": 8, "num_statements": 8, "percent_covered": 100.0, "percent_covered_display": "100", "missing_lines": 0, "excluded_lines": 0, "percent_statements_covered": 100.0, "percent_statements_covered_display": "100"}, "missing_lines": [], "excluded_lines": [], "start_line": 277}, "T5Lot.filter_trade_classifications": {"executed_lines": [329, 332, 337, 340], "summary": {"covered_lines": 4, "num_statements": 4, "percent_covered": 100.0, "percent_covered_display": "100", "missing_lines": 0, "excluded_lines": 0, "percent_statements_covered": 100.0, "percent_statements_covered_display": "100"}, "missing_lines": [], "excluded_lines": [], "start_line": 312}, "T5Lot.consult_actual_value_table": {"executed_lines": [347, 348, 349, 350, 352, 353], "summary": {"covered_lines": 6, "num_statements": 6, "percent_covered": 100.0, "percent_covered_display": "100", "missing_lines": 0, "excluded_lines": 0, "percent_statements_covered": 100.0, "percent_statements_covered_display": "100"}, "missing_lines": [], "excluded_lines": [], "start_line": 342}, "T5Lot.predict_actual_value_range": {"executed_lines": [384, 385, 388, 391, 392, 395, 396, 398], "summary": {"covered_lines": 8, "num_statements": 8, "percent_covered": 100.0, "percent_covered_display": "100", "missing_lines": 0, "excluded_lines": 0, "percent_statements_covered": 100.0, "percent_statements_covered_display": "100"}, "missing_lines": [], "excluded_lines": [], "start_line": 355}, "": {"executed_lines": [8, 9, 10, 12, 17, 28, 54, 57, 60, 110, 143, 177, 198, 227, 228, 255, 256, 276, 277, 311, 312, 342, 355], "summary": {"covered_lines": 23, "num_statements": 23, "percent_covered": 100.0, "percent_covered_display": "100", "missing_lines": 0, "excluded_lines": 3, "percent_statements_covered": 100.0, "percent_statements_covered_display": "100"}, "missing_lines": [], "excluded_lines": [23, 24, 25], "start_line": 1}}, "classes": {"T5Lot": {"executed_lines": [55, 58, 74, 75, 78, 79, 82, 85, 86, 89, 99, 106, 107, 108, 125, 130, 141, 170, 171, 174, 175, 186, 196, 220, 223, 224, 225, 246, 253, 270, 271, 272, 273, 274, 297, 298, 299, 300, 301, 304, 308, 309, 329, 332, 337, 340, 347, 348, 349, 350, 352, 353, 384, 385, 388, 391, 392, 395, 396, 398], "summary": {"covered_lines": 60, "num_statements": 60, "percent_covered": 100.0, "percent_covered_display": "100", "missing_lines": 0, "excluded_lines": 0, "percent_statements_covered": 100.0, "percent_statements_covered_display": "100"}, "missing_lines": [], "excluded_lines": [], "start_line": 28}, "": {"executed_lines": [8, 9, 10, 12, 17, 28, 54, 57, 60, 110, 143, 177, 198, 227, 228, 255, 256, 276, 277, 311, 312, 342, 355], "summary": {"covered_lines": 23, "num_statements": 23, "percent_covered": 100.0, "percent_covered_display": "100", "missing_lines": 0, "excluded_lines": 3, "percent_statements_covered": 100.0, "percent_statements_covered_display": "100"}, "missing_lines": [], "excluded_lines": [23, 24, 25], "start_line": 1}}}, "src\\t5code\\T5Mail.py": {"executed_lines": [8, 9, 15, 34, 49, 50, 51, 52, 54, 55, 56, 58, 61, 65, 66, 71], "summary": {"covered_lines": 16, "num_statements": 16, "percent_covered": 100.0, "percent_covered_display": "100", "missing_lines": 0, "excluded_lines": 2, "percent_statements_covered": 100.0, "percent_statements_covered_display": "100"}, "missing_lines": [], "excluded_lines": [11, 12], "functions": {"T5Mail.__init__": {"executed_lines": [49, 50, 51, 52, 54, 55, 56, 58, 61, 65, 66, 71], "summary": {"covered_lines": 12, "num_statements": 12, "percent_covered": 100.0, "percent_covered_display": "100", "missing_lines": 0, "excluded_lines": 0, "percent_statements_covered": 100.0, "percent_statements_covered_display": "100"}, "missing_lines": [], "excluded_lines": [], "start_line": 34}, "": {"executed_lines": [8, 9, 15, 34], "summary": {"covered_lines": 4, "num_statements": 4, "percent_covered": 100.0, "percent_covered_display": "100", "missing_lines": 0, "excluded_lines": 2, "percent_statements_covered": 100.0, "percent_statements_covered_display": "100"}, "missing_lines": [], "excluded_lines": [11, 12], "start_line": 1}}, "classes": {"T5Mail": {"executed_lines": [49, 50, 51, 52, 54, 55, 56, 58, 61, 65, 66, 71], "summary": {"covered_lines": 12, "num_statements": 12, "percent_covered": 100.0, "percent_covered_display": "100", "missing_lines": 0, "excluded_lines": 0, "percent_statements_covered": 100.0, "percent_statements_covered_display": "100"}, "missing_lines": [], "excluded_lines": [], "start_line": 15}, "": {"executed_lines": [8, 9, 15, 34], "summary": {"covered_lines": 4, "num_statements": 4, "percent_covered": 100.0, "percent_covered_display": "100", "missing_lines": 0, "excluded_lines": 2, "percent_statements_covered": 100.0, "percent_statements_covered_display": "100"}, "missing_lines": [], "excluded_lines": [11, 12], "start_line": 1}}}, "src\\t5code\\T5NPC.py": {"executed_lines": [7, 8, 9, 10, 12, 19, 38, 40, 42, 43, 45, 46, 48, 51, 54, 76, 83, 84, 87, 88, 89, 93, 95, 101, 103, 113, 114, 115, 116, 118, 127, 129, 140, 142, 148], "summary": {"covered_lines": 35, "num_statements": 35, "percent_covered": 100.0, "percent_covered_display": "100", "missing_lines": 0, "excluded_lines": 0, "percent_statements_covered": 100.0, "percent_statements_covered_display": "100"}, "missing_lines": [], "excluded_lines": [], "functions": {"generate_captain_risk_profile": {"executed_lines": [38, 40, 42, 43, 45, 46, 48, 51], "summary": {"covered_lines": 8, "num_statements": 8, "percent_covered": 100.0, "percent_covered_display": "100", "missing_lines": 0, "excluded_lines": 0, "percent_statements_covered": 100.0, "percent_statements_covered_display": "100"}, "missing_lines": [], "excluded_lines": [], "start_line": 19}, "T5NPC.__init__": {"executed_lines": [83, 84, 87, 88, 89, 93], "summary": {"covered_lines": 6, "num_statements": 6, "percent_covered": 100.0, "percent_covered_display": "100", "missing_lines": 0, "excluded_lines": 0, "percent_statements_covered": 100.0, "percent_statements_covered_display": "100"}, "missing_lines": [], "excluded_lines": [], "start_line": 76}, "T5NPC.update_location": {"executed_lines": [101], "summary": {"covered_lines": 1, "num_statements": 1, "percent_covered": 100.0, "percent_covered_display": "100", "missing_lines": 0, "excluded_lines": 0, "percent_statements_covered": 100.0, "percent_statements_covered_display": "100"}, "missing_lines": [], "excluded_lines": [], "start_line": 95}, "T5NPC.set_skill": {"executed_lines": [113, 114, 115, 116], "summary": {"covered_lines": 4, "num_statements": 4, "percent_covered": 100.0, "percent_covered_display": "100", "missing_lines": 0, "excluded_lines": 0, "percent_statements_covered": 100.0, "percent_statements_covered_display": "100"}, "missing_lines": [], "excluded_lines": [], "start_line": 103}, "T5NPC.get_skill": {"executed_lines": [127], "summary": {"covered_lines": 1, "num_statements": 1, "percent_covered": 100.0, "percent_covered_display": "100", "missing_lines": 0, "excluded_lines": 0, "percent_statements_covered": 100.0, "percent_statements_covered_display": "100"}, "missing_lines": [], "excluded_lines": [], "start_line": 118}, "T5NPC.skill_group": {"executed_lines": [140], "summary": {"covered_lines": 1, "num_statements": 1, "percent_covered": 100.0, "percent_covered_display": "100", "missing_lines": 0, "excluded_lines": 0, "percent_statements_covered": 100.0, "percent_statements_covered_display": "100"}, "missing_lines": [], "excluded_lines": [], "start_line": 129}, "T5NPC.kill": {"executed_lines": [148], "summary": {"covered_lines": 1, "num_statements": 1, "percent_covered": 100.0, "percent_covered_display": "100", "missing_lines": 0, "excluded_lines": 0, "percent_statements_covered": 100.0, "percent_statements_covered_display": "100"}, "missing_lines": [], "excluded_lines": [], "start_line": 142}, "": {"executed_lines": [7, 8, 9, 10, 12, 19, 54, 76, 95, 103, 118, 129, 142], "summary": {"covered_lines": 13, "num_statements": 13, "percent_covered": 100.0, "percent_covered_display": "100", "missing_lines": 0, "excluded_lines": 0, "percent_statements_covered": 100.0, "percent_statements_covered_display": "100"}, "missing_lines": [], "excluded_lines": [], "start_line": 1}}, "classes": {"T5NPC": {"executed_lines": [83, 84, 87, 88, 89, 93, 101, 113, 114, 115, 116, 127, 140, 148], "summary": {"covered_lines": 14, "num_statements": 14, "percent_covered": 100.0, "percent_covered_display": "100", "missing_lines": 0, "excluded_lines": 0, "percent_statements_covered": 100.0, "percent_statements_covered_display": "100"}, "missing_lines": [], "excluded_lines": [], "start_line": 54}, "": {"executed_lines": [7, 8, 9, 10, 12, 19, 38, 40, 42, 43, 45, 46, 48, 51, 54, 76, 95, 103, 118, 129, 142], "summary": {"covered_lines": 21, "num_statements": 21, "percent_covered": 100.0, "percent_covered_display": "100", "missing_lines": 0, "excluded_lines": 0, "percent_statements_covered": 100.0, "percent_statements_covered_display": "100"}, "missing_lines": [], "excluded_lines": [], "start_line": 1}}}, "src\\t5code\\T5RandomTradeGoods.py": {"executed_lines": [7, 8, 9, 10, 13, 14, 15, 18, 28, 29, 31, 37, 40, 51, 53, 54, 55, 57, 63, 64, 68, 82, 84, 85, 87, 88, 89, 90, 91, 93, 95, 104, 106, 112, 115, 130, 131, 132, 133, 135, 149, 150, 154, 155, 157, 167, 169, 178, 179, 180, 183, 194, 195, 197, 206, 208, 222, 224, 235, 237, 238, 271, 272, 274, 277, 281, 284, 285, 287, 288, 293, 299, 301, 303, 309, 310, 311, 312, 314, 317, 336, 337, 339, 340, 341, 342, 346, 348], "summary": {"covered_lines": 88, "num_statements": 88, "percent_covered": 100.0, "percent_covered_display": "100", "missing_lines": 0, "excluded_lines": 1, "percent_statements_covered": 100.0, "percent_statements_covered_display": "100"}, "missing_lines": [], "excluded_lines": [239], "functions": {"TradeGood.__init__": {"executed_lines": [29], "summary": {"covered_lines": 1, "num_statements": 1, "percent_covered": 100.0, "percent_covered_display": "100", "missing_lines": 0, "excluded_lines": 0, "percent_statements_covered": 100.0, "percent_statements_covered_display": "100"}, "missing_lines": [], "excluded_lines": [], "start_line": 28}, "TradeGood.get_name": {"executed_lines": [37], "summary": {"covered_lines": 1, "num_statements": 1, "percent_covered": 100.0, "percent_covered_display": "100", "missing_lines": 0, "excluded_lines": 0, "percent_statements_covered": 100.0, "percent_statements_covered_display": "100"}, "missing_lines": [], "excluded_lines": [], "start_line": 31}, "ImbalanceTradeGood.__init__": {"executed_lines": [53, 54, 55], "summary": {"covered_lines": 3, "num_statements": 3, "percent_covered": 100.0, "percent_covered_display": "100", "missing_lines": 0, "excluded_lines": 0, "percent_statements_covered": 100.0, "percent_statements_covered_display": "100"}, "missing_lines": [], "excluded_lines": [], "start_line": 51}, "ImbalanceTradeGood.resolve_name": {"executed_lines": [63, 64], "summary": {"covered_lines": 2, "num_statements": 2, "percent_covered": 100.0, "percent_covered_display": "100", "missing_lines": 0, "excluded_lines": 0, "percent_statements_covered": 100.0, "percent_statements_covered_display": "100"}, "missing_lines": [], "excluded_lines": [], "start_line": 57}, "TradeGoodsTypeTable.__init__": {"executed_lines": [84, 85, 87, 88, 89, 90, 91, 93], "summary": {"covered_lines": 8, "num_statements": 8, "percent_covered": 100.0, "percent_covered_display": "100", "missing_lines": 0, "excluded_lines": 0, "percent_statements_covered": 100.0, "percent_statements_covered_display": "100"}, "missing_lines": [], "excluded_lines": [], "start_line": 82}, "TradeGoodsTypeTable.get_good": {"executed_lines": [104], "summary": {"covered_lines": 1, "num_statements": 1, "percent_covered": 100.0, "percent_covered_display": "100", "missing_lines": 0, "excluded_lines": 0, "percent_statements_covered": 100.0, "percent_statements_covered_display": "100"}, "missing_lines": [], "excluded_lines": [], "start_line": 95}, "TradeGoodsTypeTable.roll": {"executed_lines": [112], "summary": {"covered_lines": 1, "num_statements": 1, "percent_covered": 100.0, "percent_covered_display": "100", "missing_lines": 0, "excluded_lines": 0, "percent_statements_covered": 100.0, "percent_statements_covered_display": "100"}, "missing_lines": [], "excluded_lines": [], "start_line": 106}, "TradeClassificationGoodsTable.__init__": {"executed_lines": [131, 132, 133], "summary": {"covered_lines": 3, "num_statements": 3, "percent_covered": 100.0, "percent_covered_display": "100", "missing_lines": 0, "excluded_lines": 0, "percent_statements_covered": 100.0, "percent_statements_covered_display": "100"}, "missing_lines": [], "excluded_lines": [], "start_line": 130}, "TradeClassificationGoodsTable.add_type_table": {"executed_lines": [149, 150, 154, 155], "summary": {"covered_lines": 4, "num_statements": 4, "percent_covered": 100.0, "percent_covered_display": "100", "missing_lines": 0, "excluded_lines": 0, "percent_statements_covered": 100.0, "percent_statements_covered_display": "100"}, "missing_lines": [], "excluded_lines": [], "start_line": 135}, "TradeClassificationGoodsTable.get_good": {"executed_lines": [167], "summary": {"covered_lines": 1, "num_statements": 1, "percent_covered": 100.0, "percent_covered_display": "100", "missing_lines": 0, "excluded_lines": 0, "percent_statements_covered": 100.0, "percent_statements_covered_display": "100"}, "missing_lines": [], "excluded_lines": [], "start_line": 157}, "TradeClassificationGoodsTable.roll": {"executed_lines": [178, 179, 180], "summary": {"covered_lines": 3, "num_statements": 3, "percent_covered": 100.0, "percent_covered_display": "100", "missing_lines": 0, "excluded_lines": 0, "percent_statements_covered": 100.0, "percent_statements_covered_display": "100"}, "missing_lines": [], "excluded_lines": [], "start_line": 169}, "RandomTradeGoodsTable.__init__": {"executed_lines": [195], "summary": {"covered_lines": 1, "num_statements": 1, "percent_covered": 100.0, "percent_covered_display": "100", "missing_lines": 0, "excluded_lines": 0, "percent_statements_covered": 100.0, "percent_statements_covered_display": "100"}, "missing_lines": [], "excluded_lines": [], "start_line": 194}, "RandomTradeGoodsTable.add_classification_table": {"executed_lines": [206], "summary": {"covered_lines": 1, "num_statements": 1, "percent_covered": 100.0, "percent_covered_display": "100", "missing_lines": 0, "excluded_lines": 0, "percent_statements_covered": 100.0, "percent_statements_covered_display": "100"}, "missing_lines": [], "excluded_lines": [], "start_line": 197}, "RandomTradeGoodsTable.get_good": {"executed_lines": [222], "summary": {"covered_lines": 1, "num_statements": 1, "percent_covered": 100.0, "percent_covered_display": "100", "missing_lines": 0, "excluded_lines": 0, "percent_statements_covered": 100.0, "percent_statements_covered_display": "100"}, "missing_lines": [], "excluded_lines": [], "start_line": 208}, "RandomTradeGoodsTable.get_random": {"executed_lines": [235], "summary": {"covered_lines": 1, "num_statements": 1, "percent_covered": 100.0, "percent_covered_display": "100", "missing_lines": 0, "excluded_lines": 0, "percent_statements_covered": 100.0, "percent_statements_covered_display": "100"}, "missing_lines": [], "excluded_lines": [], "start_line": 224}, "RandomTradeGoodsTable.from_json": {"executed_lines": [271, 272, 274, 277, 281, 284, 285, 287, 288, 293, 299, 301, 303, 309, 310, 311, 312, 314], "summary": {"covered_lines": 18, "num_statements": 18, "percent_covered": 100.0, "percent_covered_display": "100", "missing_lines": 0, "excluded_lines": 1, "percent_statements_covered": 100.0, "percent_statements_covered_display": "100"}, "missing_lines": [], "excluded_lines": [239], "start_line": 238}, "clone_classification_table": {"executed_lines": [336, 337, 339, 340, 341, 342], "summary": {"covered_lines": 6, "num_statements": 6, "percent_covered": 100.0, "percent_covered_display": "100", "missing_lines": 0, "excluded_lines": 0, "percent_statements_covered": 100.0, "percent_statements_covered_display": "100"}, "missing_lines": [], "excluded_lines": [], "start_line": 317}, "": {"executed_lines": [7, 8, 9, 10, 13, 14, 15, 18, 28, 31, 40, 51, 57, 68, 82, 95, 106, 115, 130, 135, 157, 169, 183, 194, 197, 208, 224, 237, 238, 317, 346, 348], "summary": {"covered_lines": 32, "num_statements": 32, "percent_covered": 100.0, "percent_covered_display": "100", "missing_lines": 0, "excluded_lines": 0, "percent_statements_covered": 100.0, "percent_statements_covered_display": "100"}, "missing_lines": [], "excluded_lines": [], "start_line": 1}}, "classes": {"TradeGood": {"executed_lines": [29, 37], "summary": {"covered_lines": 2, "num_statements": 2, "percent_covered": 100.0, "percent_covered_display": "100", "missing_lines": 0, "excluded_lines": 0, "percent_statements_covered": 100.0, "percent_statements_covered_display": "100"}, "missing_lines": [], "excluded_lines": [], "start_line": 18}, "ImbalanceTradeGood": {"executed_lines": [53, 54, 55, 63, 64], "summary": {"covered_lines": 5, "num_statements": 5, "percent_covered": 100.0, "percent_covered_display": "100", "missing_lines": 0, "excluded_lines": 0, "percent_statements_covered": 100.0, "percent_statements_covered_display": "100"}, "missing_lines": [], "excluded_lines": [], "start_line": 40}, "TradeGoodsTypeTable": {"executed_lines": [84, 85, 87, 88, 89, 90, 91, 93, 104, 112], "summary": {"covered_lines": 10, "num_statements": 10, "percent_covered": 100.0, "percent_covered_display": "100", "missing_lines": 0, "excluded_lines": 0, "percent_statements_covered": 100.0, "percent_statements_covered_display": "100"}, "missing_lines": [], "excluded_lines": [], "start_line": 68}, "TradeClassificationGoodsTable": {"executed_lines": [131, 132, 133, 149, 150, 154, 155, 167, 178, 179, 180], "summary": {"covered_lines": 11, "num_statements": 11, "percent_covered": 100.0, "percent_covered_display": "100", "missing_lines": 0, "excluded_lines": 0, "percent_statements_covered": 100.0, "percent_statements_covered_display": "100"}, "missing_lines": [], "excluded_lines": [], "start_line": 115}, "RandomTradeGoodsTable": {"executed_lines": [195, 206, 222, 235, 271, 272, 274, 277, 281, 284, 285, 287, 288, 293, 299, 301, 303, 309, 310, 311, 312, 314], "summary": {"covered_lines": 22, "num_statements": 22, "percent_covered": 100.0, "percent_covered_display": "100", "missing_lines": 0, "excluded_lines": 1, "percent_statements_covered": 100.0, "percent_statements_covered_display": "100"}, "missing_lines": [], "excluded_lines": [239], "start_line": 183}, "": {"executed_lines": [7, 8, 9, 10, 13, 14, 15, 18, 28, 31, 40, 51, 57, 68, 82, 95, 106, 115, 130, 135, 157, 169, 183, 194, 197, 208, 224, 237, 238, 317, 336, 337, 339, 340, 341, 342, 346, 348], "summary": {"covered_lines": 38, "num_statements": 38, "percent_covered": 100.0, "percent_covered_display": "100", "missing_lines": 0, "excluded_lines": 0, "percent_statements_covered": 100.0, "percent_statements_covered_display": "100"}, "missing_lines": [], "excluded_lines": [], "start_line": 1}}}, "src\\t5code\\T5ShipClass.py": {"executed_lines": [7, 10, 36, 46, 47, 48, 49, 50, 52, 53, 54, 55, 56, 57, 58, 59, 60, 63, 69, 76, 77, 89], "summary": {"covered_lines": 22, "num_statements": 22, "percent_covered": 100.0, "percent_covered_display": "100", "missing_lines": 0, "excluded_lines": 0, "percent_statements_covered": 100.0, "percent_statements_covered_display": "100"}, "missing_lines": [], "excluded_lines": [], "functions": {"T5ShipClass.__init__": {"executed_lines": [46, 47, 48, 49, 50, 52, 53, 54, 55, 56, 57, 58, 59, 60], "summary": {"covered_lines": 14, "num_statements": 14, "percent_covered": 100.0, "percent_covered_display": "100", "missing_lines": 0, "excluded_lines": 0, "percent_statements_covered": 100.0, "percent_statements_covered_display": "100"}, "missing_lines": [], "excluded_lines": [], "start_line": 36}, "T5ShipClass.usp": {"executed_lines": [69], "summary": {"covered_lines": 1, "num_statements": 1, "percent_covered": 100.0, "percent_covered_display": "100", "missing_lines": 0, "excluded_lines": 0, "percent_statements_covered": 100.0, "percent_statements_covered_display": "100"}, "missing_lines": [], "excluded_lines": [], "start_line": 63}, "T5ShipClass.load_all_ship_classes": {"executed_lines": [89], "summary": {"covered_lines": 1, "num_statements": 1, "percent_covered": 100.0, "percent_covered_display": "100", "missing_lines": 0, "excluded_lines": 0, "percent_statements_covered": 100.0, "percent_statements_covered_display": "100"}, "missing_lines": [], "excluded_lines": [], "start_line": 77}, "": {"executed_lines": [7, 10, 36, 63, 76, 77], "summary": {"covered_lines": 6, "num_statements": 6, "percent_covered": 100.0, "percent_covered_display": "100", "missing_lines": 0, "excluded_lines": 0, "percent_statements_covered": 100.0, "percent_statements_covered_display": "100"}, "missing_lines": [], "excluded_lines": [], "start_line": 1}}, "classes": {"T5ShipClass": {"executed_lines": [46, 47, 48, 49, 50, 52, 53, 54, 55, 56, 57, 58, 59, 60, 69, 89], "summary": {"covered_lines": 16, "num_statements": 16, "percent_covered": 100.0, "percent_covered_display": "100", "missing_lines": 0, "excluded_lines": 0, "percent_statements_covered": 100.0, "percent_statements_covered_display": "100"}, "missing_lines": [], "excluded_lines": [], "start_line": 10}, "": {"executed_lines": [7, 10, 36, 63, 76, 77], "summary": {"covered_lines": 6, "num_statements": 6, "percent_covered": 100.0, "percent_covered_display": "100", "missing_lines": 0, "excluded_lines": 0, "percent_statements_covered": 100.0, "percent_statements_covered_display": "100"}, "missing_lines": [], "excluded_lines": [], "start_line": 1}}}, "src\\t5code\\T5Starship.py": {"executed_lines": [7, 8, 9, 10, 11, 12, 13, 14, 18, 32, 44, 50, 51, 52, 54, 60, 62, 68, 70, 72, 74, 76, 79, 82, 94, 100, 102, 111, 112, 117, 166, 172, 174, 190, 191, 192, 193, 194, 195, 198, 199, 202, 203, 211, 212, 217, 218, 219, 220, 221, 222, 224, 228, 229, 233, 236, 237, 239, 241, 244, 246, 250, 252, 260, 262, 263, 269, 271, 284, 285, 287, 288, 289, 291, 292, 295, 296, 299, 300, 305, 306, 307, 313, 314, 315, 317, 329, 330, 332, 333, 335, 336, 337, 341, 342, 343, 344, 346, 348, 362, 363, 364, 366, 367, 369, 378, 379, 380, 382, 390, 391, 392, 394, 395, 401, 403, 413, 414, 415, 417, 418, 424, 426, 428, 444, 445, 447, 448, 450, 451, 457, 458, 460, 462, 475, 476, 477, 479, 494, 495, 496, 497, 498, 499, 500, 504, 505, 507, 508, 509, 511, 512, 519, 521, 522, 528, 530, 544, 545, 546, 547, 549, 551, 566, 567, 568, 569, 571, 572, 573, 574, 576, 594, 597, 600, 601, 604, 607, 608, 612, 615, 616, 617, 618, 619, 620, 625, 626, 627, 631, 634, 635, 636, 637, 638, 639, 640, 643, 644, 645, 648, 649, 650, 651, 652, 653, 656, 657, 658, 660, 662, 689, 690, 693, 694, 697, 698, 699, 702, 703, 704, 707, 710, 711, 712, 714, 717, 719, 722, 723, 724, 726, 737, 740, 741, 742, 743, 744, 747, 748, 750, 760, 775, 776, 777, 778, 779, 781, 782, 784, 797, 799, 800, 801, 804, 806, 819, 821, 822, 823, 825, 838, 839, 840, 842, 856, 857, 859, 863, 864, 866, 869, 879, 880, 881, 882, 884, 900, 901, 902, 904, 905, 907, 909, 910, 913, 914, 915, 918, 919, 921, 922, 924, 926, 939, 940, 941, 943, 956, 957, 958, 960, 961, 962, 964, 965, 967, 969, 993, 996, 997, 998, 1001, 1002, 1003, 1005, 1006, 1007, 1008, 1010, 1011, 1014, 1015, 1017, 1023, 1024, 1025, 1026], "summary": {"covered_lines": 328, "num_statements": 328, "percent_covered": 100.0, "percent_covered_display": "100", "missing_lines": 0, "excluded_lines": 4, "percent_statements_covered": 100.0, "percent_statements_covered_display": "100"}, "missing_lines": [], "excluded_lines": [16, 17, 28, 29], "functions": {"CrewPosition.__init__": {"executed_lines": [50, 51, 52], "summary": {"covered_lines": 3, "num_statements": 3, "percent_covered": 100.0, "percent_covered_display": "100", "missing_lines": 0, "excluded_lines": 0, "percent_statements_covered": 100.0, "percent_statements_covered_display": "100"}, "missing_lines": [], "excluded_lines": [], "start_line": 44}, "CrewPosition.is_filled": {"executed_lines": [60], "summary": {"covered_lines": 1, "num_statements": 1, "percent_covered": 100.0, "percent_covered_display": "100", "missing_lines": 0, "excluded_lines": 0, "percent_statements_covered": 100.0, "percent_statements_covered_display": "100"}, "missing_lines": [], "excluded_lines": [], "start_line": 54}, "CrewPosition.assign": {"executed_lines": [68], "summary": {"covered_lines": 1, "num_statements": 1, "percent_covered": 100.0, "percent_covered_display": "100", "missing_lines": 0, "excluded_lines": 0, "percent_statements_covered": 100.0, "percent_statements_covered_display": "100"}, "missing_lines": [], "excluded_lines": [], "start_line": 62}, "CrewPosition.clear": {"executed_lines": [72], "summary": {"covered_lines": 1, "num_statements": 1, "percent_covered": 100.0, "percent_covered_display": "100", "missing_lines": 0, "excluded_lines": 0, "percent_statements_covered": 100.0, "percent_statements_covered_display": "100"}, "missing_lines": [], "excluded_lines": [], "start_line": 70}, "CrewPosition.__repr__": {"executed_lines": [76, 79], "summary": {"covered_lines": 2, "num_statements": 2, "percent_covered": 100.0, "percent_covered_display": "100", "missing_lines": 0, "excluded_lines": 0, "percent_statements_covered": 100.0, "percent_statements_covered_display": "100"}, "missing_lines": [], "excluded_lines": [], "start_line": 74}, "_BestCrewSkillDict.__init__": {"executed_lines": [100], "summary": {"covered_lines": 1, "num_statements": 1, "percent_covered": 100.0, "percent_covered_display": "100", "missing_lines": 0, "excluded_lines": 0, "percent_statements_covered": 100.0, "percent_statements_covered_display": "100"}, "missing_lines": [], "excluded_lines": [], "start_line": 94}, "_BestCrewSkillDict.__getitem__": {"executed_lines": [111, 112], "summary": {"covered_lines": 2, "num_statements": 2, "percent_covered": 100.0, "percent_covered_display": "100", "missing_lines": 0, "excluded_lines": 0, "percent_statements_covered": 100.0, "percent_statements_covered_display": "100"}, "missing_lines": [], "excluded_lines": [], "start_line": 102}, "T5Starship._get_stateroom_passenger_count": {"executed_lines": [172], "summary": {"covered_lines": 1, "num_statements": 1, "percent_covered": 100.0, "percent_covered_display": "100", "missing_lines": 0, "excluded_lines": 0, "percent_statements_covered": 100.0, "percent_statements_covered_display": "100"}, "missing_lines": [], "excluded_lines": [], "start_line": 166}, "T5Starship.__init__": {"executed_lines": [190, 191, 192, 193, 194, 195, 198, 199, 202, 203, 211, 212, 217, 218, 219, 220, 221, 222, 224, 228, 229, 233, 236, 237, 239, 241, 244, 246, 250], "summary": {"covered_lines": 29, "num_statements": 29, "percent_covered": 100.0, "percent_covered_display": "100", "missing_lines": 0, "excluded_lines": 0, "percent_statements_covered": 100.0, "percent_statements_covered_display": "100"}, "missing_lines": [], "excluded_lines": [], "start_line": 174}, "T5Starship.set_course_for": {"executed_lines": [260], "summary": {"covered_lines": 1, "num_statements": 1, "percent_covered": 100.0, "percent_covered_display": "100", "missing_lines": 0, "excluded_lines": 0, "percent_statements_covered": 100.0, "percent_statements_covered_display": "100"}, "missing_lines": [], "excluded_lines": [], "start_line": 252}, "T5Starship.destination": {"executed_lines": [269], "summary": {"covered_lines": 1, "num_statements": 1, "percent_covered": 100.0, "percent_covered_display": "100", "missing_lines": 0, "excluded_lines": 0, "percent_statements_covered": 100.0, "percent_statements_covered_display": "100"}, "missing_lines": [], "excluded_lines": [], "start_line": 263}, "T5Starship.onload_passenger": {"executed_lines": [284, 285, 287, 288, 289, 291, 292, 295, 296, 299, 300, 305, 306, 307, 313, 314, 315], "summary": {"covered_lines": 17, "num_statements": 17, "percent_covered": 100.0, "percent_covered_display": "100", "missing_lines": 0, "excluded_lines": 0, "percent_statements_covered": 100.0, "percent_statements_covered_display": "100"}, "missing_lines": [], "excluded_lines": [], "start_line": 271}, "T5Starship.offload_passengers": {"executed_lines": [329, 330, 332, 333, 335, 336, 337, 341, 342, 343, 344, 346], "summary": {"covered_lines": 12, "num_statements": 12, "percent_covered": 100.0, "percent_covered_display": "100", "missing_lines": 0, "excluded_lines": 0, "percent_statements_covered": 100.0, "percent_statements_covered_display": "100"}, "missing_lines": [], "excluded_lines": [], "start_line": 317}, "T5Starship.awaken_low_passenger": {"executed_lines": [362, 363, 364, 366, 367], "summary": {"covered_lines": 5, "num_statements": 5, "percent_covered": 100.0, "percent_covered_display": "100", "missing_lines": 0, "excluded_lines": 0, "percent_statements_covered": 100.0, "percent_statements_covered_display": "100"}, "missing_lines": [], "excluded_lines": [], "start_line": 348}, "T5Starship.onload_mail": {"executed_lines": [378, 379, 380], "summary": {"covered_lines": 3, "num_statements": 3, "percent_covered": 100.0, "percent_covered_display": "100", "missing_lines": 0, "excluded_lines": 0, "percent_statements_covered": 100.0, "percent_statements_covered_display": "100"}, "missing_lines": [], "excluded_lines": [], "start_line": 369}, "T5Starship.offload_mail": {"executed_lines": [390, 391, 392], "summary": {"covered_lines": 3, "num_statements": 3, "percent_covered": 100.0, "percent_covered_display": "100", "missing_lines": 0, "excluded_lines": 0, "percent_statements_covered": 100.0, "percent_statements_covered_display": "100"}, "missing_lines": [], "excluded_lines": [], "start_line": 382}, "T5Starship.mail_bundles": {"executed_lines": [401], "summary": {"covered_lines": 1, "num_statements": 1, "percent_covered": 100.0, "percent_covered_display": "100", "missing_lines": 0, "excluded_lines": 0, "percent_statements_covered": 100.0, "percent_statements_covered_display": "100"}, "missing_lines": [], "excluded_lines": [], "start_line": 395}, "T5Starship.hire_crew": {"executed_lines": [413, 414, 415], "summary": {"covered_lines": 3, "num_statements": 3, "percent_covered": 100.0, "percent_covered_display": "100", "missing_lines": 0, "excluded_lines": 0, "percent_statements_covered": 100.0, "percent_statements_covered_display": "100"}, "missing_lines": [], "excluded_lines": [], "start_line": 403}, "T5Starship.best_crew_skill": {"executed_lines": [424], "summary": {"covered_lines": 1, "num_statements": 1, "percent_covered": 100.0, "percent_covered_display": "100", "missing_lines": 0, "excluded_lines": 0, "percent_statements_covered": 100.0, "percent_statements_covered_display": "100"}, "missing_lines": [], "excluded_lines": [], "start_line": 418}, "T5Starship.can_onload_lot": {"executed_lines": [444, 445, 447, 448, 450, 451, 457, 458, 460], "summary": {"covered_lines": 9, "num_statements": 9, "percent_covered": 100.0, "percent_covered_display": "100", "missing_lines": 0, "excluded_lines": 0, "percent_statements_covered": 100.0, "percent_statements_covered_display": "100"}, "missing_lines": [], "excluded_lines": [], "start_line": 428}, "T5Starship.onload_lot": {"executed_lines": [475, 476, 477], "summary": {"covered_lines": 3, "num_statements": 3, "percent_covered": 100.0, "percent_covered_display": "100", "missing_lines": 0, "excluded_lines": 0, "percent_statements_covered": 100.0, "percent_statements_covered_display": "100"}, "missing_lines": [], "excluded_lines": [], "start_line": 462}, "T5Starship.offload_lot": {"executed_lines": [494, 495, 496, 497, 498, 499, 500, 504, 505, 507, 508, 509], "summary": {"covered_lines": 12, "num_statements": 12, "percent_covered": 100.0, "percent_covered_display": "100", "missing_lines": 0, "excluded_lines": 0, "percent_statements_covered": 100.0, "percent_statements_covered_display": "100"}, "missing_lines": [], "excluded_lines": [], "start_line": 479}, "T5Starship.cargo_manifest": {"executed_lines": [519], "summary": {"covered_lines": 1, "num_statements": 1, "percent_covered": 100.0, "percent_covered_display": "100", "missing_lines": 0, "excluded_lines": 0, "percent_statements_covered": 100.0, "percent_statements_covered_display": "100"}, "missing_lines": [], "excluded_lines": [], "start_line": 512}, "T5Starship.balance": {"executed_lines": [528], "summary": {"covered_lines": 1, "num_statements": 1, "percent_covered": 100.0, "percent_covered_display": "100", "missing_lines": 0, "excluded_lines": 0, "percent_statements_covered": 100.0, "percent_statements_covered_display": "100"}, "missing_lines": [], "excluded_lines": [], "start_line": 522}, "T5Starship.credit": {"executed_lines": [544, 545, 546, 547, 549], "summary": {"covered_lines": 5, "num_statements": 5, "percent_covered": 100.0, "percent_covered_display": "100", "missing_lines": 0, "excluded_lines": 0, "percent_statements_covered": 100.0, "percent_statements_covered_display": "100"}, "missing_lines": [], "excluded_lines": [], "start_line": 530}, "T5Starship.debit": {"executed_lines": [566, 567, 568, 569, 571, 572, 573, 574], "summary": {"covered_lines": 8, "num_statements": 8, "percent_covered": 100.0, "percent_covered_display": "100", "missing_lines": 0, "excluded_lines": 0, "percent_statements_covered": 100.0, "percent_statements_covered_display": "100"}, "missing_lines": [], "excluded_lines": [], "start_line": 551}, "T5Starship.load_passengers": {"executed_lines": [594, 597, 600, 601, 604, 607, 608, 612, 615, 616, 617, 618, 619, 620, 625, 626, 627, 631, 634, 635, 636, 637, 638, 639, 640, 643, 644, 645, 648, 649, 650, 651, 652, 653, 656, 657, 658, 660], "summary": {"covered_lines": 38, "num_statements": 38, "percent_covered": 100.0, "percent_covered_display": "100", "missing_lines": 0, "excluded_lines": 0, "percent_statements_covered": 100.0, "percent_statements_covered_display": "100"}, "missing_lines": [], "excluded_lines": [], "start_line": 576}, "T5Starship.sell_cargo_lot": {"executed_lines": [689, 690, 693, 694, 697, 698, 699, 702, 703, 704, 707, 710, 711, 712, 714, 717, 719, 722, 723, 724, 726, 737, 740, 741, 742, 743, 744, 747, 748, 750], "summary": {"covered_lines": 30, "num_statements": 30, "percent_covered": 100.0, "percent_covered_display": "100", "missing_lines": 0, "excluded_lines": 0, "percent_statements_covered": 100.0, "percent_statements_covered_display": "100"}, "missing_lines": [], "excluded_lines": [], "start_line": 662}, "T5Starship.buy_cargo_lot": {"executed_lines": [775, 776, 777, 778, 779, 781, 782], "summary": {"covered_lines": 7, "num_statements": 7, "percent_covered": 100.0, "percent_covered_display": "100", "missing_lines": 0, "excluded_lines": 0, "percent_statements_covered": 100.0, "percent_statements_covered_display": "100"}, "missing_lines": [], "excluded_lines": [], "start_line": 760}, "T5Starship.load_freight_lot": {"executed_lines": [797, 799, 800, 801, 804], "summary": {"covered_lines": 5, "num_statements": 5, "percent_covered": 100.0, "percent_covered_display": "100", "missing_lines": 0, "excluded_lines": 0, "percent_statements_covered": 100.0, "percent_statements_covered_display": "100"}, "missing_lines": [], "excluded_lines": [], "start_line": 784}, "T5Starship.load_mail": {"executed_lines": [819, 821, 822, 823], "summary": {"covered_lines": 4, "num_statements": 4, "percent_covered": 100.0, "percent_covered_display": "100", "missing_lines": 0, "excluded_lines": 0, "percent_statements_covered": 100.0, "percent_statements_covered_display": "100"}, "missing_lines": [], "excluded_lines": [], "start_line": 806}, "T5Starship.is_hold_mostly_full": {"executed_lines": [838, 839, 840], "summary": {"covered_lines": 3, "num_statements": 3, "percent_covered": 100.0, "percent_covered_display": "100", "missing_lines": 0, "excluded_lines": 0, "percent_statements_covered": 100.0, "percent_statements_covered_display": "100"}, "missing_lines": [], "excluded_lines": [], "start_line": 825}, "T5Starship.execute_jump": {"executed_lines": [856, 857, 859, 863, 864, 866], "summary": {"covered_lines": 6, "num_statements": 6, "percent_covered": 100.0, "percent_covered_display": "100", "missing_lines": 0, "excluded_lines": 0, "percent_statements_covered": 100.0, "percent_statements_covered_display": "100"}, "missing_lines": [], "excluded_lines": [], "start_line": 842}, "T5Starship.consume_jump_fuel": {"executed_lines": [879, 880, 881, 882], "summary": {"covered_lines": 4, "num_statements": 4, "percent_covered": 100.0, "percent_covered_display": "100", "missing_lines": 0, "excluded_lines": 0, "percent_statements_covered": 100.0, "percent_statements_covered_display": "100"}, "missing_lines": [], "excluded_lines": [], "start_line": 869}, "T5Starship.get_worlds_in_jump_range": {"executed_lines": [900, 901, 902, 904, 905, 907, 909, 910, 913, 914, 915, 918, 919, 921, 922, 924], "summary": {"covered_lines": 16, "num_statements": 16, "percent_covered": 100.0, "percent_covered_display": "100", "missing_lines": 0, "excluded_lines": 0, "percent_statements_covered": 100.0, "percent_statements_covered_display": "100"}, "missing_lines": [], "excluded_lines": [], "start_line": 884}, "T5Starship._calculate_hex_distance": {"executed_lines": [939, 940, 941], "summary": {"covered_lines": 3, "num_statements": 3, "percent_covered": 100.0, "percent_covered_display": "100", "missing_lines": 0, "excluded_lines": 0, "percent_statements_covered": 100.0, "percent_statements_covered_display": "100"}, "missing_lines": [], "excluded_lines": [], "start_line": 926}, "T5Starship.get_distance_to": {"executed_lines": [956, 957, 958, 960, 961, 962, 964, 965, 967], "summary": {"covered_lines": 9, "num_statements": 9, "percent_covered": 100.0, "percent_covered_display": "100", "missing_lines": 0, "excluded_lines": 0, "percent_statements_covered": 100.0, "percent_statements_covered_display": "100"}, "missing_lines": [], "excluded_lines": [], "start_line": 943}, "T5Starship.find_profitable_destinations": {"executed_lines": [993, 996, 997, 998, 1001, 1002, 1003, 1005, 1006, 1007, 1008, 1010, 1011, 1014, 1015], "summary": {"covered_lines": 15, "num_statements": 15, "percent_covered": 100.0, "percent_covered_display": "100", "missing_lines": 0, "excluded_lines": 0, "percent_statements_covered": 100.0, "percent_statements_covered_display": "100"}, "missing_lines": [], "excluded_lines": [], "start_line": 969}, "T5Starship.offload_all_freight": {"executed_lines": [1023, 1024, 1025, 1026], "summary": {"covered_lines": 4, "num_statements": 4, "percent_covered": 100.0, "percent_covered_display": "100", "missing_lines": 0, "excluded_lines": 0, "percent_statements_covered": 100.0, "percent_statements_covered_display": "100"}, "missing_lines": [], "excluded_lines": [], "start_line": 1017}, "": {"executed_lines": [7, 8, 9, 10, 11, 12, 13, 14, 18, 32, 44, 54, 62, 70, 74, 82, 94, 102, 117, 166, 174, 252, 262, 263, 271, 317, 348, 369, 382, 394, 395, 403, 417, 418, 426, 428, 462, 479, 511, 512, 521, 522, 530, 551, 576, 662, 760, 784, 806, 825, 842, 869, 884, 926, 943, 969, 1017], "summary": {"covered_lines": 57, "num_statements": 57, "percent_covered": 100.0, "percent_covered_display": "100", "missing_lines": 0, "excluded_lines": 4, "percent_statements_covered": 100.0, "percent_statements_covered_display": "100"}, "missing_lines": [], "excluded_lines": [16, 17, 28, 29], "start_line": 1}}, "classes": {"CrewPosition": {"executed_lines": [50, 51, 52, 60, 68, 72, 76, 79], "summary": {"covered_lines": 8, "num_statements": 8, "percent_covered": 100.0, "percent_covered_display": "100", "missing_lines": 0, "excluded_lines": 0, "percent_statements_covered": 100.0, "percent_statements_covered_display": "100"}, "missing_lines": [], "excluded_lines": [], "start_line": 32}, "_BestCrewSkillDict": {"executed_lines": [100, 111, 112], "summary": {"covered_lines": 3, "num_statements": 3, "percent_covered": 100.0, "percent_covered_display": "100", "missing_lines": 0, "excluded_lines": 0, "percent_statements_covered": 100.0, "percent_statements_covered_display": "100"}, "missing_lines": [], "excluded_lines": [], "start_line": 82}, "T5Starship": {"executed_lines": [172, 190, 191, 192, 193, 194, 195, 198, 199, 202, 203, 211, 212, 217, 218, 219, 220, 221, 222, 224, 228, 229, 233, 236, 237, 239, 241, 244, 246, 250, 260, 269, 284, 285, 287, 288, 289, 291, 292, 295, 296, 299, 300, 305, 306, 307, 313, 314, 315, 329, 330, 332, 333, 335, 336, 337, 341, 342, 343, 344, 346, 362, 363, 364, 366, 367, 378, 379, 380, 390, 391, 392, 401, 413, 414, 415, 424, 444, 445, 447, 448, 450, 451, 457, 458, 460, 475, 476, 477, 494, 495, 496, 497, 498, 499, 500, 504, 505, 507, 508, 509, 519, 528, 544, 545, 546, 547, 549, 566, 567, 568, 569, 571, 572, 573, 574, 594, 597, 600, 601, 604, 607, 608, 612, 615, 616, 617, 618, 619, 620, 625, 626, 627, 631, 634, 635, 636, 637, 638, 639, 640, 643, 644, 645, 648, 649, 650, 651, 652, 653, 656, 657, 658, 660, 689, 690, 693, 694, 697, 698, 699, 702, 703, 704, 707, 710, 711, 712, 714, 717, 719, 722, 723, 724, 726, 737, 740, 741, 742, 743, 744, 747, 748, 750, 775, 776, 777, 778, 779, 781, 782, 797, 799, 800, 801, 804, 819, 821, 822, 823, 838, 839, 840, 856, 857, 859, 863, 864, 866, 879, 880, 881, 882, 900, 901, 902, 904, 905, 907, 909, 910, 913, 914, 915, 918, 919, 921, 922, 924, 939, 940, 941, 956, 957, 958, 960, 961, 962, 964, 965, 967, 993, 996, 997, 998, 1001, 1002, 1003, 1005, 1006, 1007, 1008, 1010, 1011, 1014, 1015, 1023, 1024, 1025, 1026], "summary": {"covered_lines": 260, "num_statements": 260, "percent_covered": 100.0, "percent_covered_display": "100", "missing_lines": 0, "excluded_lines": 0, "percent_statements_covered": 100.0, "percent_statements_covered_display": "100"}, "missing_lines": [], "excluded_lines": [], "start_line": 117}, "": {"executed_lines": [7, 8, 9, 10, 11, 12, 13, 14, 18, 32, 44, 54, 62, 70, 74, 82, 94, 102, 117, 166, 174, 252, 262, 263, 271, 317, 348, 369, 382, 394, 395, 403, 417, 418, 426, 428, 462, 479, 511, 512, 521, 522, 530, 551, 576, 662, 760, 784, 806, 825, 842, 869, 884, 926, 943, 969, 1017], "summary": {"covered_lines": 57, "num_statements": 57, "percent_covered": 100.0, "percent_covered_display": "100", "missing_lines": 0, "excluded_lines": 4, "percent_statements_covered": 100.0, "percent_statements_covered_display": "100"}, "missing_lines": [], "excluded_lines": [16, 17, 28, 29], "start_line": 1}}}, "src\\t5code\\T5Tables.py": {"executed_lines": [7, 56, 73, 90, 100, 118, 125, 127, 214, 233, 267], "summary": {"covered_lines": 11, "num_statements": 11, "percent_covered": 100.0, "percent_covered_display": "100", "missing_lines": 0, "excluded_lines": 0, "percent_statements_covered": 100.0, "percent_statements_covered_display": "100"}, "missing_lines": [], "excluded_lines": [], "functions": {"": {"executed_lines": [7, 56, 73, 90, 100, 118, 125, 127, 214, 233, 267], "summary": {"covered_lines": 11, "num_statements": 11, "percent_covered": 100.0, "percent_covered_display": "100", "missing_lines": 0, "excluded_lines": 0, "percent_statements_covered": 100.0, "percent_statements_covered_display": "100"}, "missing_lines": [], "excluded_lines": [], "start_line": 1}}, "classes": {"": {"executed_lines": [7, 56, 73, 90, 100, 118, 125, 127, 214, 233, 267], "summary": {"covered_lines": 11, "num_statements": 11, "percent_covered": 100.0, "percent_covered_display": "100", "missing_lines": 0, "excluded_lines": 0, "percent_statements_covered": 100.0, "percent_statements_covered_display": "100"}, "missing_lines": [], "excluded_lines": [], "start_line": 1}}}, "src\\t5code\\T5World.py": {"executed_lines": [9, 10, 11, 18, 43, 45, 47, 48, 49, 51, 52, 53, 54, 55, 57, 64, 83, 97, 98, 99, 101, 104, 110, 112, 119, 121, 127, 129, 135, 137, 143, 145, 151, 153, 160, 161, 162, 163, 164, 166, 167, 179, 182, 188, 190, 197, 198, 200, 201, 203, 205, 222, 239, 240, 241, 242, 244, 245, 247, 266, 267, 268, 269, 271, 280, 282, 291, 293, 302, 304, 324, 326, 327, 329, 331, 335, 337, 339, 342, 347, 348, 350], "summary": {"covered_lines": 82, "num_statements": 82, "percent_covered": 100.0, "percent_covered_display": "100", "missing_lines": 0, "excluded_lines": 3, "percent_statements_covered": 100.0, "percent_statements_covered_display": "100"}, "missing_lines": [], "excluded_lines": [13, 14, 15], "functions": {"find_best_broker": {"executed_lines": [43, 45, 47, 48, 49, 51, 52, 53, 54, 55, 57], "summary": {"covered_lines": 11, "num_statements": 11, "percent_covered": 100.0, "percent_covered_display": "100", "missing_lines": 0, "excluded_lines": 0, "percent_statements_covered": 100.0, "percent_statements_covered_display": "100"}, "missing_lines": [], "excluded_lines": [], "start_line": 18}, "T5World.__init__": {"executed_lines": [97, 98, 99, 101], "summary": {"covered_lines": 4, "num_statements": 4, "percent_covered": 100.0, "percent_covered_display": "100", "missing_lines": 0, "excluded_lines": 0, "percent_statements_covered": 100.0, "percent_statements_covered_display": "100"}, "missing_lines": [], "excluded_lines": [], "start_line": 83}, "T5World.uwp": {"executed_lines": [110], "summary": {"covered_lines": 1, "num_statements": 1, "percent_covered": 100.0, "percent_covered_display": "100", "missing_lines": 0, "excluded_lines": 0, "percent_statements_covered": 100.0, "percent_statements_covered_display": "100"}, "missing_lines": [], "excluded_lines": [], "start_line": 104}, "T5World.trade_classifications": {"executed_lines": [119], "summary": {"covered_lines": 1, "num_statements": 1, "percent_covered": 100.0, "percent_covered_display": "100", "missing_lines": 0, "excluded_lines": 0, "percent_statements_covered": 100.0, "percent_statements_covered_display": "100"}, "missing_lines": [], "excluded_lines": [], "start_line": 112}, "T5World.importance": {"executed_lines": [127], "summary": {"covered_lines": 1, "num_statements": 1, "percent_covered": 100.0, "percent_covered_display": "100", "missing_lines": 0, "excluded_lines": 0, "percent_statements_covered": 100.0, "percent_statements_covered_display": "100"}, "missing_lines": [], "excluded_lines": [], "start_line": 121}, "T5World.subsector": {"executed_lines": [135], "summary": {"covered_lines": 1, "num_statements": 1, "percent_covered": 100.0, "percent_covered_display": "100", "missing_lines": 0, "excluded_lines": 0, "percent_statements_covered": 100.0, "percent_statements_covered_display": "100"}, "missing_lines": [], "excluded_lines": [], "start_line": 129}, "T5World.sector": {"executed_lines": [143], "summary": {"covered_lines": 1, "num_statements": 1, "percent_covered": 100.0, "percent_covered_display": "100", "missing_lines": 0, "excluded_lines": 0, "percent_statements_covered": 100.0, "percent_statements_covered_display": "100"}, "missing_lines": [], "excluded_lines": [], "start_line": 137}, "T5World.hex_location": {"executed_lines": [151], "summary": {"covered_lines": 1, "num_statements": 1, "percent_covered": 100.0, "percent_covered_display": "100", "missing_lines": 0, "excluded_lines": 0, "percent_statements_covered": 100.0, "percent_statements_covered_display": "100"}, "missing_lines": [], "excluded_lines": [], "start_line": 145}, "T5World.full_name": {"executed_lines": [160, 161, 162, 163, 164], "summary": {"covered_lines": 5, "num_statements": 5, "percent_covered": 100.0, "percent_covered_display": "100", "missing_lines": 0, "excluded_lines": 0, "percent_statements_covered": 100.0, "percent_statements_covered_display": "100"}, "missing_lines": [], "excluded_lines": [], "start_line": 153}, "T5World.load_all_worlds": {"executed_lines": [179], "summary": {"covered_lines": 1, "num_statements": 1, "percent_covered": 100.0, "percent_covered_display": "100", "missing_lines": 0, "excluded_lines": 0, "percent_statements_covered": 100.0, "percent_statements_covered_display": "100"}, "missing_lines": [], "excluded_lines": [], "start_line": 167}, "T5World.get_starport": {"executed_lines": [188], "summary": {"covered_lines": 1, "num_statements": 1, "percent_covered": 100.0, "percent_covered_display": "100", "missing_lines": 0, "excluded_lines": 0, "percent_s
[...]
red": 84.21052631578948, "percent_statements_covered_display": "84"}, "missing_lines": [503, 504, 505, 542, 546, 588], "excluded_lines": [], "start_line": 479}, "StarshipAgent._transition_to_next_state": {"executed_lines": [613, 614, 615, 616, 617, 618, 619, 622, 623, 624, 626, 627, 628, 629, 631, 632, 635, 637, 639, 641, 643, 645, 648, 649], "summary": {"covered_lines": 24, "num_statements": 24, "percent_covered": 100.0, "percent_covered_display": "100", "missing_lines": 0, "excluded_lines": 0, "percent_statements_covered": 100.0, "percent_statements_covered_display": "100"}, "missing_lines": [], "excluded_lines": [], "start_line": 591}, "StarshipAgent.run": {"executed_lines": [668, 669, 671, 672], "summary": {"covered_lines": 4, "num_statements": 4, "percent_covered": 100.0, "percent_covered_display": "100", "missing_lines": 0, "excluded_lines": 0, "percent_statements_covered": 100.0, "percent_statements_covered_display": "100"}, "missing_lines": [], "excluded_lines": [], "start_line": 651}, "StarshipAgent._execute_state_action": {"executed_lines": [700, 701, 704, 707, 708, 709, 710, 711, 712, 713, 714, 715, 716, 717, 718, 719, 720, 721, 722, 723, 724, 727], "summary": {"covered_lines": 22, "num_statements": 23, "percent_covered": 95.65217391304348, "percent_covered_display": "96", "missing_lines": 1, "excluded_lines": 0, "percent_statements_covered": 95.65217391304348, "percent_statements_covered_display": "96"}, "missing_lines": [702], "excluded_lines": [], "start_line": 674}, "StarshipAgent._offload_cargo": {"executed_lines": [745, 747, 748, 751, 752, 755, 757, 758], "summary": {"covered_lines": 8, "num_statements": 8, "percent_covered": 100.0, "percent_covered_display": "100", "missing_lines": 0, "excluded_lines": 0, "percent_statements_covered": 100.0, "percent_statements_covered_display": "100"}, "missing_lines": [], "excluded_lines": [], "start_line": 729}, "StarshipAgent._sell_cargo": {"executed_lines": [777, 778, 779, 780, 787, 792, 795, 796], "summary": {"covered_lines": 8, "num_statements": 9, "percent_covered": 88.88888888888889, "percent_covered_display": "89", "missing_lines": 1, "excluded_lines": 0, "percent_statements_covered": 88.88888888888889, "percent_statements_covered_display": "89"}, "missing_lines": [793], "excluded_lines": [], "start_line": 760}, "StarshipAgent._load_freight": {"executed_lines": [819, 820, 821, 823, 824, 825, 826, 827, 829, 830, 831, 832, 833, 834, 837, 838], "summary": {"covered_lines": 16, "num_statements": 16, "percent_covered": 100.0, "percent_covered_display": "100", "missing_lines": 0, "excluded_lines": 0, "percent_statements_covered": 100.0, "percent_statements_covered_display": "100"}, "missing_lines": [], "excluded_lines": [], "start_line": 798}, "StarshipAgent._is_lot_profitable": {"executed_lines": [859, 863], "summary": {"covered_lines": 2, "num_statements": 2, "percent_covered": 100.0, "percent_covered_display": "100", "missing_lines": 0, "excluded_lines": 0, "percent_statements_covered": 100.0, "percent_statements_covered_display": "100"}, "missing_lines": [], "excluded_lines": [], "start_line": 840}, "StarshipAgent._try_purchase_lot": {"executed_lines": [888, 890, 891, 893, 894], "summary": {"covered_lines": 5, "num_statements": 5, "percent_covered": 100.0, "percent_covered_display": "100", "missing_lines": 0, "excluded_lines": 0, "percent_statements_covered": 100.0, "percent_statements_covered_display": "100"}, "missing_lines": [], "excluded_lines": [], "start_line": 865}, "StarshipAgent._format_cargo_loading_message": {"executed_lines": [920, 921, 923, 924, 925, 927, 928, 930], "summary": {"covered_lines": 8, "num_statements": 8, "percent_covered": 100.0, "percent_covered_display": "100", "missing_lines": 0, "excluded_lines": 0, "percent_statements_covered": 100.0, "percent_statements_covered_display": "100"}, "missing_lines": [], "excluded_lines": [], "start_line": 896}, "StarshipAgent._load_cargo": {"executed_lines": [955, 956, 958, 959, 961, 962, 963, 967, 968, 969, 970, 973, 975, 981, 982, 983, 985, 986, 987, 988, 989, 990, 992, 993, 996, 997, 1000, 1001, 1003, 1004], "summary": {"covered_lines": 30, "num_statements": 31, "percent_covered": 96.7741935483871, "percent_covered_display": "97", "missing_lines": 1, "excluded_lines": 0, "percent_statements_covered": 96.7741935483871, "percent_statements_covered_display": "97"}, "missing_lines": [994], "excluded_lines": [], "start_line": 932}, "StarshipAgent._load_mail": {"executed_lines": [1021, 1022, 1023, 1024, 1027, 1028, 1029, 1030, 1031, 1032], "summary": {"covered_lines": 10, "num_statements": 10, "percent_covered": 100.0, "percent_covered_display": "100", "missing_lines": 0, "excluded_lines": 0, "percent_statements_covered": 100.0, "percent_statements_covered_display": "100"}, "missing_lines": [], "excluded_lines": [], "start_line": 1006}, "StarshipAgent._load_passengers": {"executed_lines": [1055, 1056, 1058, 1059, 1060, 1061, 1062, 1063, 1064, 1065, 1066, 1067, 1068, 1069, 1070, 1071, 1072, 1075, 1079, 1080], "summary": {"covered_lines": 20, "num_statements": 20, "percent_covered": 100.0, "percent_covered_display": "100", "missing_lines": 0, "excluded_lines": 0, "percent_statements_covered": 100.0, "percent_statements_covered_display": "100"}, "missing_lines": [], "excluded_lines": [], "start_line": 1034}, "StarshipAgent._calculate_fuel_needed": {"executed_lines": [1088, 1089, 1090, 1091], "summary": {"covered_lines": 4, "num_statements": 4, "percent_covered": 100.0, "percent_covered_display": "100", "missing_lines": 0, "excluded_lines": 0, "percent_statements_covered": 100.0, "percent_statements_covered_display": "100"}, "missing_lines": [], "excluded_lines": [], "start_line": 1082}, "StarshipAgent._calculate_fuel_cost": {"executed_lines": [1099, 1100], "summary": {"covered_lines": 2, "num_statements": 2, "percent_covered": 100.0, "percent_covered_display": "100", "missing_lines": 0, "excluded_lines": 0, "percent_statements_covered": 100.0, "percent_statements_covered_display": "100"}, "missing_lines": [], "excluded_lines": [], "start_line": 1093}, "StarshipAgent._distribute_fuel_to_tanks": {"executed_lines": [1116, 1117, 1118, 1120, 1121, 1123], "summary": {"covered_lines": 6, "num_statements": 6, "percent_covered": 100.0, "percent_covered_display": "100", "missing_lines": 0, "excluded_lines": 0, "percent_statements_covered": 100.0, "percent_statements_covered_display": "100"}, "missing_lines": [], "excluded_lines": [], "start_line": 1102}, "StarshipAgent._report_refuel_success": {"executed_lines": [1134, 1135, 1137], "summary": {"covered_lines": 3, "num_statements": 3, "percent_covered": 100.0, "percent_covered_display": "100", "missing_lines": 0, "excluded_lines": 0, "percent_statements_covered": 100.0, "percent_statements_covered_display": "100"}, "missing_lines": [], "excluded_lines": [], "start_line": 1125}, "StarshipAgent._report_insufficient_funds": {"executed_lines": [1153], "summary": {"covered_lines": 1, "num_statements": 1, "percent_covered": 100.0, "percent_covered_display": "100", "missing_lines": 0, "excluded_lines": 0, "percent_statements_covered": 100.0, "percent_statements_covered_display": "100"}, "missing_lines": [], "excluded_lines": [], "start_line": 1143}, "StarshipAgent.run_payroll": {"executed_lines": [1175, 1176, 1177, 1178, 1179, 1182, 1184, 1186, 1188, 1189, 1193, 1196, 1199, 1200], "summary": {"covered_lines": 14, "num_statements": 15, "percent_covered": 93.33333333333333, "percent_covered_display": "93", "missing_lines": 1, "excluded_lines": 0, "percent_statements_covered": 93.33333333333333, "percent_statements_covered_display": "93"}, "missing_lines": [1190], "excluded_lines": [], "start_line": 1158}, "StarshipAgent._calculate_days_until_next_month": {"executed_lines": [1209, 1210, 1213, 1216, 1218, 1221, 1223], "summary": {"covered_lines": 7, "num_statements": 7, "percent_covered": 100.0, "percent_covered_display": "100", "missing_lines": 0, "excluded_lines": 0, "percent_statements_covered": 100.0, "percent_statements_covered_display": "100"}, "missing_lines": [], "excluded_lines": [], "start_line": 1202}, "StarshipAgent.calculate_total_payroll": {"executed_lines": [1242, 1246, 1253], "summary": {"covered_lines": 3, "num_statements": 4, "percent_covered": 75.0, "percent_covered_display": "75", "missing_lines": 1, "excluded_lines": 0, "percent_statements_covered": 75.0, "percent_statements_covered_display": "75"}, "missing_lines": [1247], "excluded_lines": [], "start_line": 1225}, "StarshipAgent._calculate_skill_based_payroll": {"executed_lines": [1266, 1267, 1269, 1270, 1272, 1273, 1274, 1275, 1276, 1279, 1281], "summary": {"covered_lines": 11, "num_statements": 11, "percent_covered": 100.0, "percent_covered_display": "100", "missing_lines": 0, "excluded_lines": 0, "percent_statements_covered": 100.0, "percent_statements_covered_display": "100"}, "missing_lines": [], "excluded_lines": [], "start_line": 1255}, "StarshipAgent._process_monthly_payroll": {"executed_lines": [1295, 1297, 1298, 1301, 1302, 1303, 1306, 1307, 1311, 1314, 1321], "summary": {"covered_lines": 11, "num_statements": 12, "percent_covered": 91.66666666666667, "percent_covered_display": "92", "missing_lines": 1, "excluded_lines": 0, "percent_statements_covered": 91.66666666666667, "percent_statements_covered_display": "92"}, "missing_lines": [1322], "excluded_lines": [], "start_line": 1283}, "StarshipAgent._mark_ship_broke": {"executed_lines": [1343, 1347, 1352, 1353, 1354, 1359, 1361, 1368, 1370, 1371], "summary": {"covered_lines": 10, "num_statements": 11, "percent_covered": 90.9090909090909, "percent_covered_display": "91", "missing_lines": 1, "excluded_lines": 0, "percent_statements_covered": 90.9090909090909, "percent_statements_covered_display": "91"}, "missing_lines": [1362], "excluded_lines": [], "start_line": 1327}, "StarshipAgent._load_fuel": {"executed_lines": [1394, 1395, 1400, 1401, 1402, 1403, 1406, 1407, 1409, 1410, 1411, 1414, 1415, 1417, 1420, 1422, 1423], "summary": {"covered_lines": 17, "num_statements": 17, "percent_covered": 100.0, "percent_covered_display": "100", "missing_lines": 0, "excluded_lines": 0, "percent_statements_covered": 100.0, "percent_statements_covered_display": "100"}, "missing_lines": [], "excluded_lines": [], "start_line": 1373}, "StarshipAgent._execute_jump": {"executed_lines": [1445, 1447, 1448, 1454, 1455, 1457, 1458, 1461, 1464, 1465, 1466, 1469, 1473, 1475, 1476], "summary": {"covered_lines": 15, "num_statements": 15, "percent_covered": 100.0, "percent_covered_display": "100", "missing_lines": 0, "excluded_lines": 0, "percent_statements_covered": 100.0, "percent_statements_covered_display": "100"}, "missing_lines": [], "excluded_lines": [], "start_line": 1425}, "StarshipAgent._report_destination_choice": {"executed_lines": [1491, 1492], "summary": {"covered_lines": 2, "num_statements": 2, "percent_covered": 100.0, "percent_covered_display": "100", "missing_lines": 0, "excluded_lines": 0, "percent_statements_covered": 100.0, "percent_statements_covered_display": "100"}, "missing_lines": [], "excluded_lines": [], "start_line": 1479}, "StarshipAgent.pick_destination": {"executed_lines": [1522, 1525, 1527, 1528, 1529, 1535, 1538, 1540, 1541, 1542, 1549, 1552, 1557], "summary": {"covered_lines": 13, "num_statements": 13, "percent_covered": 100.0, "percent_covered_display": "100", "missing_lines": 0, "excluded_lines": 0, "percent_statements_covered": 100.0, "percent_statements_covered_display": "100"}, "missing_lines": [], "excluded_lines": [], "start_line": 1495}, "StarshipAgent._choose_next_destination": {"executed_lines": [1569, 1575], "summary": {"covered_lines": 2, "num_statements": 2, "percent_covered": 100.0, "percent_covered_display": "100", "missing_lines": 0, "excluded_lines": 0, "percent_statements_covered": 100.0, "percent_statements_covered_display": "100"}, "missing_lines": [], "excluded_lines": [], "start_line": 1559}, "": {"executed_lines": [23, 24, 25, 32, 33, 43, 58, 143, 232, 260, 297, 327, 339, 387, 444, 479, 591, 651, 674, 729, 760, 798, 840, 865, 896, 932, 1006, 1034, 1082, 1093, 1102, 1125, 1143, 1158, 1202, 1225, 1255, 1283, 1327, 1373, 1425, 1478, 1479, 1494, 1495, 1559], "summary": {"covered_lines": 46, "num_statements": 46, "percent_covered": 100.0, "percent_covered_display": "100", "missing_lines": 0, "excluded_lines": 2, "percent_statements_covered": 100.0, "percent_statements_covered_display": "100"}, "missing_lines": [], "excluded_lines": [39, 40], "start_line": 1}}, "classes": {"StarshipAgent": {"executed_lines": [77, 78, 80, 81, 83, 84, 90, 91, 93, 95, 96, 98, 101, 102, 103, 104, 105, 106, 109, 112, 119, 120, 121, 122, 124, 138, 139, 141, 169, 170, 171, 172, 173, 177, 178, 180, 181, 182, 183, 185, 187, 189, 190, 191, 192, 193, 195, 198, 199, 202, 203, 206, 207, 210, 211, 212, 215, 225, 229, 230, 245, 246, 248, 249, 250, 253, 255, 256, 258, 282, 283, 285, 290, 293, 294, 295, 310, 312, 313, 314, 315, 317, 319, 323, 325, 336, 337, 359, 360, 362, 363, 364, 366, 367, 368, 369, 370, 371, 373, 374, 375, 377, 378, 379, 381, 382, 383, 384, 406, 407, 409, 412, 413, 414, 416, 418, 420, 422, 423, 425, 431, 434, 435, 440, 441, 442, 455, 456, 459, 460, 461, 462, 463, 464, 467, 470, 471, 472, 475, 477, 496, 497, 500, 501, 502, 508, 511, 512, 517, 518, 521, 522, 524, 527, 528, 531, 532, 538, 541, 549, 550, 555, 561, 562, 566, 569, 570, 576, 577, 580, 582, 583, 613, 614, 615, 616, 617, 618, 619, 622, 623, 624, 626, 627, 628, 629, 631, 632, 635, 637, 639, 641, 643, 645, 648, 649, 668, 669, 671, 672, 700, 701, 704, 707, 708, 709, 710, 711, 712, 713, 714, 715, 716, 717, 718, 719, 720, 721, 722, 723, 724, 727, 745, 747, 748, 751, 752, 755, 757, 758, 777, 778, 779, 780, 787, 792, 795, 796, 819, 820, 821, 823, 824, 825, 826, 827, 829, 830, 831, 832, 833, 834, 837, 838, 859, 863, 888, 890, 891, 893, 894, 920, 921, 923, 924, 925, 927, 928, 930, 955, 956, 958, 959, 961, 962, 963, 967, 968, 969, 970, 973, 975, 981, 982, 983, 985, 986, 987, 988, 989, 990, 992, 993, 996, 997, 1000, 1001, 1003, 1004, 1021, 1022, 1023, 1024, 1027, 1028, 1029, 1030, 1031, 1032, 1055, 1056, 1058, 1059, 1060, 1061, 1062, 1063, 1064, 1065, 1066, 1067, 1068, 1069, 1070, 1071, 1072, 1075, 1079, 1080, 1088, 1089, 1090, 1091, 1099, 1100, 1116, 1117, 1118, 1120, 1121, 1123, 1134, 1135, 1137, 1153, 1175, 1176, 1177, 1178, 1179, 1182, 1184, 1186, 1188, 1189, 1193, 1196, 1199, 1200, 1209, 1210, 1213, 1216, 1218, 1221, 1223, 1242, 1246, 1253, 1266, 1267, 1269, 1270, 1272, 1273, 1274, 1275, 1276, 1279, 1281, 1295, 1297, 1298, 1301, 1302, 1303, 1306, 1307, 1311, 1314, 1321, 1343, 1347, 1352, 1353, 1354, 1359, 1361, 1368, 1370, 1371, 1394, 1395, 1400, 1401, 1402, 1403, 1406, 1407, 1409, 1410, 1411, 1414, 1415, 1417, 1420, 1422, 1423, 1445, 1447, 1448, 1454, 1455, 1457, 1458, 1461, 1464, 1465, 1466, 1469, 1473, 1475, 1476, 1491, 1492, 1522, 1525, 1527, 1528, 1529, 1535, 1538, 1540, 1541, 1542, 1549, 1552, 1557, 1569, 1575], "summary": {"covered_lines": 450, "num_statements": 463, "percent_covered": 97.19222462203024, "percent_covered_display": "97", "missing_lines": 13, "excluded_lines": 0, "percent_statements_covered": 97.19222462203024, "percent_statements_covered_display": "97"}, "missing_lines": [503, 504, 505, 542, 546, 588, 702, 793, 994, 1190, 1247, 1322, 1362], "excluded_lines": [], "start_line": 43}, "": {"executed_lines": [23, 24, 25, 32, 33, 43, 58, 143, 232, 260, 297, 327, 339, 387, 444, 479, 591, 651, 674, 729, 760, 798, 840, 865, 896, 932, 1006, 1034, 1082, 1093, 1102, 1125, 1143, 1158, 1202, 1225, 1255, 1283, 1327, 1373, 1425, 1478, 1479, 1494, 1495, 1559], "summary": {"covered_lines": 46, "num_statements": 46, "percent_covered": 100.0, "percent_covered_display": "100", "missing_lines": 0, "excluded_lines": 2, "percent_statements_covered": 100.0, "percent_statements_covered_display": "100"}, "missing_lines": [], "excluded_lines": [39, 40], "start_line": 1}}}, "src\\t5sim\\starship_states.py": {"executed_lines": [24, 25, 26, 29, 42, 43, 44, 45, 46, 47, 48, 49, 50, 53, 54, 57, 60, 61, 64, 65, 80, 81, 82, 83, 85, 89, 110, 128, 150, 151, 154, 173, 176, 193, 212, 216, 238, 256, 257, 258, 260, 261, 262, 263, 265, 266, 268, 269, 270, 271, 274], "summary": {"covered_lines": 51, "num_statements": 52, "percent_covered": 98.07692307692308, "percent_covered_display": "98", "missing_lines": 1, "excluded_lines": 0, "percent_statements_covered": 98.07692307692308, "percent_statements_covered_display": "98"}, "missing_lines": [275], "excluded_lines": [], "functions": {"get_next_state": {"executed_lines": [150, 151], "summary": {"covered_lines": 2, "num_statements": 2, "percent_covered": 100.0, "percent_covered_display": "100", "missing_lines": 0, "excluded_lines": 0, "percent_statements_covered": 100.0, "percent_statements_covered_display": "100"}, "missing_lines": [], "excluded_lines": [], "start_line": 128}, "get_state_duration": {"executed_lines": [173], "summary": {"covered_lines": 1, "num_statements": 1, "percent_covered": 100.0, "percent_covered_display": "100", "missing_lines": 0, "excluded_lines": 0, "percent_statements_covered": 100.0, "percent_statements_covered_display": "100"}, "missing_lines": [], "excluded_lines": [], "start_line": 154}, "describe_state": {"executed_lines": [193, 212], "summary": {"covered_lines": 2, "num_statements": 2, "percent_covered": 100.0, "percent_covered_display": "100", "missing_lines": 0, "excluded_lines": 0, "percent_statements_covered": 100.0, "percent_statements_covered_display": "100"}, "missing_lines": [], "excluded_lines": [], "start_line": 176}, "print_voyage_summary": {"executed_lines": [256, 257, 258, 260, 261, 262, 263, 265, 266, 268, 269, 270, 271], "summary": {"covered_lines": 13, "num_statements": 13, "percent_covered": 100.0, "percent_covered_display": "100", "missing_lines": 0, "excluded_lines": 0, "percent_statements_covered": 100.0, "percent_statements_covered_display": "100"}, "missing_lines": [], "excluded_lines": [], "start_line": 238}, "": {"executed_lines": [24, 25, 26, 29, 42, 43, 44, 45, 46, 47, 48, 49, 50, 53, 54, 57, 60, 61, 64, 65, 80, 81, 82, 83, 85, 89, 110, 128, 154, 176, 216, 238, 274], "summary": {"covered_lines": 33, "num_statements": 34, "percent_covered": 97.05882352941177, "percent_covered_display": "97", "missing_lines": 1, "excluded_lines": 0, "percent_statements_covered": 97.05882352941177, "percent_statements_covered_display": "97"}, "missing_lines": [275], "excluded_lines": [], "start_line": 1}}, "classes": {"StarshipState": {"executed_lines": [], "summary": {"covered_lines": 0, "num_statements": 0, "percent_covered": 100.0, "percent_covered_display": "100", "missing_lines": 0, "excluded_lines": 0, "percent_statements_covered": 100.0, "percent_statements_covered_display": "100"}, "missing_lines": [], "excluded_lines": [], "start_line": 29}, "StarshipStateData": {"executed_lines": [], "summary": {"covered_lines": 0, "num_statements": 0, "percent_covered": 100.0, "percent_covered_display": "100", "missing_lines": 0, "excluded_lines": 0, "percent_statements_covered": 100.0, "percent_statements_covered_display": "100"}, "missing_lines": [], "excluded_lines": [], "start_line": 65}, "": {"executed_lines": [24, 25, 26, 29, 42, 43, 44, 45, 46, 47, 48, 49, 50, 53, 54, 57, 60, 61, 64, 65, 80, 81, 82, 83, 85, 89, 110, 128, 150, 151, 154, 173, 176, 193, 212, 216, 238, 256, 257, 258, 260, 261, 262, 263, 265, 266, 268, 269, 270, 271, 274], "summary": {"covered_lines": 51, "num_statements": 52, "percent_covered": 98.07692307692308, "percent_covered_display": "98", "missing_lines": 1, "excluded_lines": 0, "percent_statements_covered": 98.07692307692308, "percent_statements_covered_display": "98"}, "missing_lines": [275], "excluded_lines": [], "start_line": 1}}}}, "totals": {"covered_lines": 1853, "num_statements": 1872, "percent_covered": 98.98504273504274, "percent_covered_display": "99", "missing_lines": 19, "excluded_lines": 19, "percent_statements_covered": 98.98504273504274, "percent_statements_covered_display": "99"}}